2026-03-31 20:45:29,430 [Worker-4: Loading available Gradle versions] INFO  o.e.b.c.i.u.g.PublishedGradleVersions - Gradle version information cache is out-of-date. Trying to update.
2026-03-31 20:50:56,105 [ModalContext] INFO  o.e.m.c.i.e.AbstractTransferListenerAdapter - Downloading https://repo.maven.apache.org/maven2/co/ntier/spring-mvc-archetype/1.0.2/spring-mvc-archetype-1.0.2.pom
2026-03-31 20:50:56,135 [ModalContext] INFO  o.e.m.c.i.e.AbstractTransferListenerAdapter - Downloaded https://repo.maven.apache.org/maven2/co/ntier/spring-mvc-archetype/1.0.2/spring-mvc-archetype-1.0.2.pom
2026-03-31 20:50:56,260 [ModalContext] INFO  o.e.m.c.i.e.AbstractTransferListenerAdapter - Downloading https://repo.maven.apache.org/maven2/co/ntier/spring-mvc-archetype/1.0.2/spring-mvc-archetype-1.0.2.jar
2026-03-31 20:50:56,270 [ModalContext] INFO  o.e.m.c.i.e.AbstractTransferListenerAdapter - Downloaded https://repo.maven.apache.org/maven2/co/ntier/spring-mvc-archetype/1.0.2/spring-mvc-archetype-1.0.2.jar
2026-03-31 20:51:27,229 [Worker-0: Launching mavenrun-afbee710-d841-40ea-9f7c-a82f9c88734c] INFO  o.eclipse.m2e.core.internal.Bundles - getClasspathEntries(Bundle=org.eclipse.m2e.maven.runtime_3.9.900.20240824-1409 [640])
2026-03-31 20:51:27,232 [Worker-0: Launching mavenrun-afbee710-d841-40ea-9f7c-a82f9c88734c] INFO  o.eclipse.m2e.core.internal.Bundles - 	Entry: C:\Users\DELL\.p2\pool\plugins\org.eclipse.m2e.maven.runtime_3.9.900.20240824-1409
2026-03-31 20:51:27,232 [Worker-0: Launching mavenrun-afbee710-d841-40ea-9f7c-a82f9c88734c] INFO  o.eclipse.m2e.core.internal.Bundles - 	Entry: C:\Users\DELL\.p2\pool\plugins\org.eclipse.m2e.maven.runtime_3.9.900.20240824-1409\jars\aopalliance-1.0.jar
2026-03-31 20:51:27,233 [Worker-0: Launching mavenrun-afbee710-d841-40ea-9f7c-a82f9c88734c] INFO  o.eclipse.m2e.core.internal.Bundles - 	Entry: C:\Users\DELL\.p2\pool\plugins\org.eclipse.m2e.maven.runtime_3.9.900.20240824-1409\jars\guice-5.1.0.jar
2026-03-31 20:51:27,233 [Worker-0: Launching mavenrun-afbee710-d841-40ea-9f7c-a82f9c88734c] INFO  o.eclipse.m2e.core.internal.Bundles - 	Entry: C:\Users\DELL\.p2\pool\plugins\org.eclipse.m2e.maven.runtime_3.9.900.20240824-1409\jars\httpclient-4.5.14.jar
2026-03-31 20:51:27,233 [Worker-0: Launching mavenrun-afbee710-d841-40ea-9f7c-a82f9c88734c] INFO  o.eclipse.m2e.core.internal.Bundles - 	Entry: C:\Users\DELL\.p2\pool\plugins\org.eclipse.m2e.maven.runtime_3.9.900.20240824-1409\jars\httpcore-4.4.16.jar
2026-03-31 20:51:27,233 [Worker-0: Launching mavenrun-afbee710-d841-40ea-9f7c-a82f9c88734c] INFO  o.eclipse.m2e.core.internal.Bundles - 	Entry: C:\Users\DELL\.p2\pool\plugins\org.eclipse.m2e.maven.runtime_3.9.900.20240824-1409\jars\jansi-2.4.1.jar
2026-03-31 20:51:27,234 [Worker-0: Launching mavenrun-afbee710-d841-40ea-9f7c-a82f9c88734c] INFO  o.eclipse.m2e.core.internal.Bundles - 	Entry: C:\Users\DELL\.p2\pool\plugins\org.eclipse.m2e.maven.runtime_3.9.900.20240824-1409\jars\jcl-over-slf4j-1.7.36.jar
2026-03-31 20:51:27,234 [Worker-0: Launching mavenrun-afbee710-d841-40ea-9f7c-a82f9c88734c] INFO  o.eclipse.m2e.core.internal.Bundles - 	Entry: C:\Users\DELL\.p2\pool\plugins\org.eclipse.m2e.maven.runtime_3.9.900.20240824-1409\jars\maven-artifact-3.9.9.jar
2026-03-31 20:51:27,235 [Worker-0: Launching mavenrun-afbee710-d841-40ea-9f7c-a82f9c88734c] INFO  o.eclipse.m2e.core.internal.Bundles - 	Entry: C:\Users\DELL\.p2\pool\plugins\org.eclipse.m2e.maven.runtime_3.9.900.20240824-1409\jars\maven-builder-support-3.9.9.jar
2026-03-31 20:51:27,235 [Worker-0: Launching mavenrun-afbee710-d841-40ea-9f7c-a82f9c88734c] INFO  o.eclipse.m2e.core.internal.Bundles - 	Entry: C:\Users\DELL\.p2\pool\plugins\org.eclipse.m2e.maven.runtime_3.9.900.20240824-1409\jars\maven-compat-3.9.9.jar
2026-03-31 20:51:27,235 [Worker-0: Launching mavenrun-afbee710-d841-40ea-9f7c-a82f9c88734c] INFO  o.eclipse.m2e.core.internal.Bundles - 	Entry: C:\Users\DELL\.p2\pool\plugins\org.eclipse.m2e.maven.runtime_3.9.900.20240824-1409\jars\maven-core-3.9.9.jar
2026-03-31 20:51:27,235 [Worker-0: Launching mavenrun-afbee710-d841-40ea-9f7c-a82f9c88734c] INFO  o.eclipse.m2e.core.internal.Bundles - 	Entry: C:\Users\DELL\.p2\pool\plugins\org.eclipse.m2e.maven.runtime_3.9.900.20240824-1409\jars\maven-embedder-3.9.9.jar
2026-03-31 20:51:27,236 [Worker-0: Launching mavenrun-afbee710-d841-40ea-9f7c-a82f9c88734c] INFO  o.eclipse.m2e.core.internal.Bundles - 	Entry: C:\Users\DELL\.p2\pool\plugins\org.eclipse.m2e.maven.runtime_3.9.900.20240824-1409\jars\maven-model-3.9.9.jar
2026-03-31 20:51:27,236 [Worker-0: Launching mavenrun-afbee710-d841-40ea-9f7c-a82f9c88734c] INFO  o.eclipse.m2e.core.internal.Bundles - 	Entry: C:\Users\DELL\.p2\pool\plugins\org.eclipse.m2e.maven.runtime_3.9.900.20240824-1409\jars\maven-model-builder-3.9.9.jar
2026-03-31 20:51:27,236 [Worker-0: Launching mavenrun-afbee710-d841-40ea-9f7c-a82f9c88734c] INFO  o.eclipse.m2e.core.internal.Bundles - 	Entry: C:\Users\DELL\.p2\pool\plugins\org.eclipse.m2e.maven.runtime_3.9.900.20240824-1409\jars\maven-plugin-api-3.9.9.jar
2026-03-31 20:51:27,236 [Worker-0: Launching mavenrun-afbee710-d841-40ea-9f7c-a82f9c88734c] INFO  o.eclipse.m2e.core.internal.Bundles - 	Entry: C:\Users\DELL\.p2\pool\plugins\org.eclipse.m2e.maven.runtime_3.9.900.20240824-1409\jars\maven-repository-metadata-3.9.9.jar
2026-03-31 20:51:27,237 [Worker-0: Launching mavenrun-afbee710-d841-40ea-9f7c-a82f9c88734c] INFO  o.eclipse.m2e.core.internal.Bundles - 	Entry: C:\Users\DELL\.p2\pool\plugins\org.eclipse.m2e.maven.runtime_3.9.900.20240824-1409\jars\maven-resolver-api-1.9.22.jar
2026-03-31 20:51:27,237 [Worker-0: Launching mavenrun-afbee710-d841-40ea-9f7c-a82f9c88734c] INFO  o.eclipse.m2e.core.internal.Bundles - 	Entry: C:\Users\DELL\.p2\pool\plugins\org.eclipse.m2e.maven.runtime_3.9.900.20240824-1409\jars\maven-resolver-connector-basic-1.9.22.jar
2026-03-31 20:51:27,237 [Worker-0: Launching mavenrun-afbee710-d841-40ea-9f7c-a82f9c88734c] INFO  o.eclipse.m2e.core.internal.Bundles - 	Entry: C:\Users\DELL\.p2\pool\plugins\org.eclipse.m2e.maven.runtime_3.9.900.20240824-1409\jars\maven-resolver-impl-1.9.22.jar
2026-03-31 20:51:27,237 [Worker-0: Launching mavenrun-afbee710-d841-40ea-9f7c-a82f9c88734c] INFO  o.eclipse.m2e.core.internal.Bundles - 	Entry: C:\Users\DELL\.p2\pool\plugins\org.eclipse.m2e.maven.runtime_3.9.900.20240824-1409\jars\maven-resolver-named-locks-1.9.22.jar
2026-03-31 20:51:27,237 [Worker-0: Launching mavenrun-afbee710-d841-40ea-9f7c-a82f9c88734c] INFO  o.eclipse.m2e.core.internal.Bundles - 	Entry: C:\Users\DELL\.p2\pool\plugins\org.eclipse.m2e.maven.runtime_3.9.900.20240824-1409\jars\maven-resolver-provider-3.9.9.jar
2026-03-31 20:51:27,237 [Worker-0: Launching mavenrun-afbee710-d841-40ea-9f7c-a82f9c88734c] INFO  o.eclipse.m2e.core.internal.Bundles - 	Entry: C:\Users\DELL\.p2\pool\plugins\org.eclipse.m2e.maven.runtime_3.9.900.20240824-1409\jars\maven-resolver-spi-1.9.22.jar
2026-03-31 20:51:27,237 [Worker-0: Launching mavenrun-afbee710-d841-40ea-9f7c-a82f9c88734c] INFO  o.eclipse.m2e.core.internal.Bundles - 	Entry: C:\Users\DELL\.p2\pool\plugins\org.eclipse.m2e.maven.runtime_3.9.900.20240824-1409\jars\maven-resolver-transport-file-1.9.22.jar
2026-03-31 20:51:27,239 [Worker-0: Launching mavenrun-afbee710-d841-40ea-9f7c-a82f9c88734c] INFO  o.eclipse.m2e.core.internal.Bundles - 	Entry: C:\Users\DELL\.p2\pool\plugins\org.eclipse.m2e.maven.runtime_3.9.900.20240824-1409\jars\maven-resolver-transport-http-1.9.22.jar
2026-03-31 20:51:27,239 [Worker-0: Launching mavenrun-afbee710-d841-40ea-9f7c-a82f9c88734c] INFO  o.eclipse.m2e.core.internal.Bundles - 	Entry: C:\Users\DELL\.p2\pool\plugins\org.eclipse.m2e.maven.runtime_3.9.900.20240824-1409\jars\maven-resolver-transport-wagon-1.9.22.jar
2026-03-31 20:51:27,239 [Worker-0: Launching mavenrun-afbee710-d841-40ea-9f7c-a82f9c88734c] INFO  o.eclipse.m2e.core.internal.Bundles - 	Entry: C:\Users\DELL\.p2\pool\plugins\org.eclipse.m2e.maven.runtime_3.9.900.20240824-1409\jars\maven-resolver-util-1.9.22.jar
2026-03-31 20:51:27,239 [Worker-0: Launching mavenrun-afbee710-d841-40ea-9f7c-a82f9c88734c] INFO  o.eclipse.m2e.core.internal.Bundles - 	Entry: C:\Users\DELL\.p2\pool\plugins\org.eclipse.m2e.maven.runtime_3.9.900.20240824-1409\jars\maven-settings-3.9.9.jar
2026-03-31 20:51:27,240 [Worker-0: Launching mavenrun-afbee710-d841-40ea-9f7c-a82f9c88734c] INFO  o.eclipse.m2e.core.internal.Bundles - 	Entry: C:\Users\DELL\.p2\pool\plugins\org.eclipse.m2e.maven.runtime_3.9.900.20240824-1409\jars\maven-settings-builder-3.9.9.jar
2026-03-31 20:51:27,240 [Worker-0: Launching mavenrun-afbee710-d841-40ea-9f7c-a82f9c88734c] INFO  o.eclipse.m2e.core.internal.Bundles - 	Entry: C:\Users\DELL\.p2\pool\plugins\org.eclipse.m2e.maven.runtime_3.9.900.20240824-1409\jars\maven-shared-utils-3.4.2.jar
2026-03-31 20:51:27,241 [Worker-0: Launching mavenrun-afbee710-d841-40ea-9f7c-a82f9c88734c] INFO  o.eclipse.m2e.core.internal.Bundles - 	Entry: C:\Users\DELL\.p2\pool\plugins\org.eclipse.m2e.maven.runtime_3.9.900.20240824-1409\jars\org.eclipse.sisu.inject-0.9.0.M3.jar
2026-03-31 20:51:27,243 [Worker-0: Launching mavenrun-afbee710-d841-40ea-9f7c-a82f9c88734c] INFO  o.eclipse.m2e.core.internal.Bundles - 	Entry: C:\Users\DELL\.p2\pool\plugins\org.eclipse.m2e.maven.runtime_3.9.900.20240824-1409\jars\org.eclipse.sisu.plexus-0.9.0.M3.jar
2026-03-31 20:51:27,244 [Worker-0: Launching mavenrun-afbee710-d841-40ea-9f7c-a82f9c88734c] INFO  o.eclipse.m2e.core.internal.Bundles - 	Entry: C:\Users\DELL\.p2\pool\plugins\org.eclipse.m2e.maven.runtime_3.9.900.20240824-1409\jars\plexus-build-api-0.0.7.jar
2026-03-31 20:51:27,244 [Worker-0: Launching mavenrun-afbee710-d841-40ea-9f7c-a82f9c88734c] INFO  o.eclipse.m2e.core.internal.Bundles - 	Entry: C:\Users\DELL\.p2\pool\plugins\org.eclipse.m2e.maven.runtime_3.9.900.20240824-1409\jars\plexus-build-api-1.2.0.jar
2026-03-31 20:51:27,244 [Worker-0: Launching mavenrun-afbee710-d841-40ea-9f7c-a82f9c88734c] INFO  o.eclipse.m2e.core.internal.Bundles - 	Entry: C:\Users\DELL\.p2\pool\plugins\org.eclipse.m2e.maven.runtime_3.9.900.20240824-1409\jars\plexus-cipher-2.0.jar
2026-03-31 20:51:27,244 [Worker-0: Launching mavenrun-afbee710-d841-40ea-9f7c-a82f9c88734c] INFO  o.eclipse.m2e.core.internal.Bundles - 	Entry: C:\Users\DELL\.p2\pool\plugins\org.eclipse.m2e.maven.runtime_3.9.900.20240824-1409\jars\plexus-classworlds-2.8.0.jar
2026-03-31 20:51:27,244 [Worker-0: Launching mavenrun-afbee710-d841-40ea-9f7c-a82f9c88734c] INFO  o.eclipse.m2e.core.internal.Bundles - 	Entry: C:\Users\DELL\.p2\pool\plugins\org.eclipse.m2e.maven.runtime_3.9.900.20240824-1409\jars\plexus-component-annotations-2.1.0.jar
2026-03-31 20:51:27,245 [Worker-0: Launching mavenrun-afbee710-d841-40ea-9f7c-a82f9c88734c] INFO  o.eclipse.m2e.core.internal.Bundles - 	Entry: C:\Users\DELL\.p2\pool\plugins\org.eclipse.m2e.maven.runtime_3.9.900.20240824-1409\jars\plexus-interpolation-1.27.jar
2026-03-31 20:51:27,245 [Worker-0: Launching mavenrun-afbee710-d841-40ea-9f7c-a82f9c88734c] INFO  o.eclipse.m2e.core.internal.Bundles - 	Entry: C:\Users\DELL\.p2\pool\plugins\org.eclipse.m2e.maven.runtime_3.9.900.20240824-1409\jars\plexus-sec-dispatcher-2.0.jar
2026-03-31 20:51:27,246 [Worker-0: Launching mavenrun-afbee710-d841-40ea-9f7c-a82f9c88734c] INFO  o.eclipse.m2e.core.internal.Bundles - 	Entry: C:\Users\DELL\.p2\pool\plugins\org.eclipse.m2e.maven.runtime_3.9.900.20240824-1409\jars\plexus-utils-3.5.1.jar
2026-03-31 20:51:27,246 [Worker-0: Launching mavenrun-afbee710-d841-40ea-9f7c-a82f9c88734c] INFO  o.eclipse.m2e.core.internal.Bundles - 	Entry: C:\Users\DELL\.p2\pool\plugins\org.eclipse.m2e.maven.runtime_3.9.900.20240824-1409\jars\plexus-xml-3.0.1.jar
2026-03-31 20:51:27,247 [Worker-0: Launching mavenrun-afbee710-d841-40ea-9f7c-a82f9c88734c] INFO  o.eclipse.m2e.core.internal.Bundles - 	Entry: C:\Users\DELL\.p2\pool\plugins\org.eclipse.m2e.maven.runtime_3.9.900.20240824-1409\jars\wagon-file-3.5.3.jar
2026-03-31 20:51:27,247 [Worker-0: Launching mavenrun-afbee710-d841-40ea-9f7c-a82f9c88734c] INFO  o.eclipse.m2e.core.internal.Bundles - 	Entry: C:\Users\DELL\.p2\pool\plugins\org.eclipse.m2e.maven.runtime_3.9.900.20240824-1409\jars\wagon-http-3.5.3.jar
2026-03-31 20:51:27,247 [Worker-0: Launching mavenrun-afbee710-d841-40ea-9f7c-a82f9c88734c] INFO  o.eclipse.m2e.core.internal.Bundles - 	Entry: C:\Users\DELL\.p2\pool\plugins\org.eclipse.m2e.maven.runtime_3.9.900.20240824-1409\jars\wagon-http-shared-3.5.3.jar
2026-03-31 20:51:27,247 [Worker-0: Launching mavenrun-afbee710-d841-40ea-9f7c-a82f9c88734c] INFO  o.eclipse.m2e.core.internal.Bundles - 	Entry: C:\Users\DELL\.p2\pool\plugins\org.eclipse.m2e.maven.runtime_3.9.900.20240824-1409\jars\wagon-provider-api-3.5.3.jar
2026-03-31 20:51:27,252 [Worker-0: Launching mavenrun-afbee710-d841-40ea-9f7c-a82f9c88734c] INFO  o.eclipse.m2e.core.internal.Bundles - getClasspathEntries(Bundle=com.google.guava_33.3.0.jre [16])
2026-03-31 20:51:27,253 [Worker-0: Launching mavenrun-afbee710-d841-40ea-9f7c-a82f9c88734c] INFO  o.eclipse.m2e.core.internal.Bundles - 	Entry: C:\Users\DELL\.p2\pool\plugins\com.google.guava_33.3.0.jre.jar
2026-03-31 20:51:27,253 [Worker-0: Launching mavenrun-afbee710-d841-40ea-9f7c-a82f9c88734c] INFO  o.eclipse.m2e.core.internal.Bundles - getClasspathEntries(Bundle=slf4j.api_2.0.16 [1005])
2026-03-31 20:51:27,254 [Worker-0: Launching mavenrun-afbee710-d841-40ea-9f7c-a82f9c88734c] INFO  o.eclipse.m2e.core.internal.Bundles - 	Entry: C:\Users\DELL\.p2\pool\plugins\slf4j.api_2.0.16.jar
2026-03-31 20:51:27,254 [Worker-0: Launching mavenrun-afbee710-d841-40ea-9f7c-a82f9c88734c] INFO  o.eclipse.m2e.core.internal.Bundles - getClasspathEntries(Bundle=jakarta.inject.jakarta.inject-api_1.0.5 [34])
2026-03-31 20:51:27,255 [Worker-0: Launching mavenrun-afbee710-d841-40ea-9f7c-a82f9c88734c] INFO  o.eclipse.m2e.core.internal.Bundles - 	Entry: C:\Users\DELL\.p2\pool\plugins\jakarta.inject.jakarta.inject-api_1.0.5.jar
2026-03-31 20:51:27,255 [Worker-0: Launching mavenrun-afbee710-d841-40ea-9f7c-a82f9c88734c] INFO  o.eclipse.m2e.core.internal.Bundles - getClasspathEntries(Bundle=jakarta.annotation-api_1.3.5 [29])
2026-03-31 20:51:27,255 [Worker-0: Launching mavenrun-afbee710-d841-40ea-9f7c-a82f9c88734c] INFO  o.eclipse.m2e.core.internal.Bundles - 	Entry: C:\Users\DELL\.p2\pool\plugins\jakarta.annotation-api_1.3.5.jar
2026-03-31 20:51:27,256 [Worker-0: Launching mavenrun-afbee710-d841-40ea-9f7c-a82f9c88734c] INFO  o.eclipse.m2e.core.internal.Bundles - getClasspathEntries(Bundle=org.apache.commons.cli_1.9.0 [78])
2026-03-31 20:51:27,256 [Worker-0: Launching mavenrun-afbee710-d841-40ea-9f7c-a82f9c88734c] INFO  o.eclipse.m2e.core.internal.Bundles - 	Entry: C:\Users\DELL\.p2\pool\plugins\org.apache.commons.cli_1.9.0.jar
2026-03-31 20:51:27,257 [Worker-0: Launching mavenrun-afbee710-d841-40ea-9f7c-a82f9c88734c] INFO  o.eclipse.m2e.core.internal.Bundles - getClasspathEntries(Bundle=org.apache.commons.commons-codec_1.16.0 [81])
2026-03-31 20:51:27,257 [Worker-0: Launching mavenrun-afbee710-d841-40ea-9f7c-a82f9c88734c] INFO  o.eclipse.m2e.core.internal.Bundles - 	Entry: C:\Users\DELL\.p2\pool\plugins\org.apache.commons.commons-codec_1.16.0.jar
2026-03-31 20:51:27,257 [Worker-0: Launching mavenrun-afbee710-d841-40ea-9f7c-a82f9c88734c] INFO  o.eclipse.m2e.core.internal.Bundles - getClasspathEntries(Bundle=com.google.guava.failureaccess_1.0.2 [17])
2026-03-31 20:51:27,260 [Worker-0: Launching mavenrun-afbee710-d841-40ea-9f7c-a82f9c88734c] INFO  o.eclipse.m2e.core.internal.Bundles - 	Entry: C:\Users\DELL\.p2\pool\plugins\com.google.guava.failureaccess_1.0.2.jar
2026-03-31 20:51:27,273 [Worker-0: Launching mavenrun-afbee710-d841-40ea-9f7c-a82f9c88734c] INFO  o.e.m.i.launch.MavenLaunchDelegate - Run build in "C:\Users\DELL\AppData\Local\Temp\m2e-archetypeGenerator61904538349656960":
2026-03-31 20:51:27,285 [Worker-0: Launching mavenrun-afbee710-d841-40ea-9f7c-a82f9c88734c] INFO  o.e.m.i.launch.MavenLaunchDelegate -  mvn  -DarchetypeGroupId=co.ntier -DarchetypeArtifactId=spring-mvc-archetype -DarchetypeVersion=1.0.2 -DgroupId=com.demo.spring.maven -DartifactId=springMVCWithMaven -Dversion=0.0.1-SNAPSHOT -Dpackage=com.demo.spring.maven.springMVCWithMaven -DoutputDirectory=C:\Users\DELL\SivaMavenProject -Dstyle.color=always -U archetype:generate
2026-03-31 22:29:07,565 [Worker-6: Creating spring-mvc-archetype] INFO  o.e.m.c.i.p.ProjectConfigurationManager - Collecting project info '/pom.xml' C:\Users\DELL\SivaMavenProject\springMVCWithMaven\pom.xml
2026-03-31 22:29:08,508 [Worker-6: Creating spring-mvc-archetype] INFO  o.e.m.c.i.e.AbstractTransferListenerAdapter - Downloading https://repo.maven.apache.org/maven2/org/apache/maven/plugins/maven-compiler-plugin/2.0.2/maven-compiler-plugin-2.0.2.jar
2026-03-31 22:29:08,514 [Worker-6: Creating spring-mvc-archetype] INFO  o.e.m.c.i.e.AbstractTransferListenerAdapter - Downloaded https://repo.maven.apache.org/maven2/org/apache/maven/plugins/maven-compiler-plugin/2.0.2/maven-compiler-plugin-2.0.2.jar
2026-03-31 22:29:08,655 [Worker-6: Creating spring-mvc-archetype] INFO  o.e.m.c.i.e.AbstractTransferListenerAdapter - Downloading https://repo.maven.apache.org/maven2/org/apache/maven/plugins/maven-compiler-plugin/2.0.2/maven-compiler-plugin-2.0.2.pom
2026-03-31 22:29:08,665 [Worker-6: Creating spring-mvc-archetype] INFO  o.e.m.c.i.e.AbstractTransferListenerAdapter - Downloaded https://repo.maven.apache.org/maven2/org/apache/maven/plugins/maven-compiler-plugin/2.0.2/maven-compiler-plugin-2.0.2.pom
2026-03-31 22:29:08,724 [Worker-6: Creating spring-mvc-archetype] INFO  o.e.m.c.i.e.AbstractTransferListenerAdapter - Downloading https://repo.maven.apache.org/maven2/org/apache/maven/plugins/maven-plugins/8/maven-plugins-8.pom
2026-03-31 22:29:08,734 [Worker-6: Creating spring-mvc-archetype] INFO  o.e.m.c.i.e.AbstractTransferListenerAdapter - Downloaded https://repo.maven.apache.org/maven2/org/apache/maven/plugins/maven-plugins/8/maven-plugins-8.pom
2026-03-31 22:29:08,800 [Worker-6: Creating spring-mvc-archetype] INFO  o.e.m.c.i.e.AbstractTransferListenerAdapter - Downloading https://repo.maven.apache.org/maven2/org/apache/maven/maven-parent/5/maven-parent-5.pom
2026-03-31 22:29:08,813 [Worker-6: Creating spring-mvc-archetype] INFO  o.e.m.c.i.e.AbstractTransferListenerAdapter - Downloaded https://repo.maven.apache.org/maven2/org/apache/maven/maven-parent/5/maven-parent-5.pom
2026-03-31 22:29:08,965 [Worker-6: Creating spring-mvc-archetype] INFO  o.e.m.c.i.e.AbstractTransferListenerAdapter - Downloading https://repo.maven.apache.org/maven2/org/apache/maven/maven-plugin-api/2.0/maven-plugin-api-2.0.pom
2026-03-31 22:29:08,970 [Worker-6: Creating spring-mvc-archetype] INFO  o.e.m.c.i.e.AbstractTransferListenerAdapter - Downloaded https://repo.maven.apache.org/maven2/org/apache/maven/maven-plugin-api/2.0/maven-plugin-api-2.0.pom
2026-03-31 22:29:09,020 [Worker-6: Creating spring-mvc-archetype] INFO  o.e.m.c.i.e.AbstractTransferListenerAdapter - Downloading https://repo.maven.apache.org/maven2/org/apache/maven/maven/2.0/maven-2.0.pom
2026-03-31 22:29:09,036 [Worker-6: Creating spring-mvc-archetype] INFO  o.e.m.c.i.e.AbstractTransferListenerAdapter - Downloaded https://repo.maven.apache.org/maven2/org/apache/maven/maven/2.0/maven-2.0.pom
2026-03-31 22:29:09,106 [Worker-6: Creating spring-mvc-archetype] INFO  o.e.m.c.i.e.AbstractTransferListenerAdapter - Downloading https://repo.maven.apache.org/maven2/org/codehaus/plexus/plexus-utils/1.0.4/plexus-utils-1.0.4.pom
2026-03-31 22:29:09,115 [Worker-6: Creating spring-mvc-archetype] INFO  o.e.m.c.i.e.AbstractTransferListenerAdapter - Downloaded https://repo.maven.apache.org/maven2/org/codehaus/plexus/plexus-utils/1.0.4/plexus-utils-1.0.4.pom
2026-03-31 22:29:09,178 [Worker-6: Creating spring-mvc-archetype] INFO  o.e.m.c.i.e.AbstractTransferListenerAdapter - Downloading https://repo.maven.apache.org/maven2/org/codehaus/plexus/plexus-compiler-api/1.5.3/plexus-compiler-api-1.5.3.pom
2026-03-31 22:29:09,183 [Worker-6: Creating spring-mvc-archetype] INFO  o.e.m.c.i.e.AbstractTransferListenerAdapter - Downloaded https://repo.maven.apache.org/maven2/org/codehaus/plexus/plexus-compiler-api/1.5.3/plexus-compiler-api-1.5.3.pom
2026-03-31 22:29:09,244 [Worker-6: Creating spring-mvc-archetype] INFO  o.e.m.c.i.e.AbstractTransferListenerAdapter - Downloading https://repo.maven.apache.org/maven2/org/codehaus/plexus/plexus-compiler/1.5.3/plexus-compiler-1.5.3.pom
2026-03-31 22:29:09,249 [Worker-6: Creating spring-mvc-archetype] INFO  o.e.m.c.i.e.AbstractTransferListenerAdapter - Downloaded https://repo.maven.apache.org/maven2/org/codehaus/plexus/plexus-compiler/1.5.3/plexus-compiler-1.5.3.pom
2026-03-31 22:29:09,296 [Worker-6: Creating spring-mvc-archetype] INFO  o.e.m.c.i.e.AbstractTransferListenerAdapter - Downloading https://repo.maven.apache.org/maven2/org/codehaus/plexus/plexus-components/1.1.6/plexus-components-1.1.6.pom
2026-03-31 22:29:09,301 [Worker-6: Creating spring-mvc-archetype] INFO  o.e.m.c.i.e.AbstractTransferListenerAdapter - Downloaded https://repo.maven.apache.org/maven2/org/codehaus/plexus/plexus-components/1.1.6/plexus-components-1.1.6.pom
2026-03-31 22:29:09,348 [Worker-6: Creating spring-mvc-archetype] INFO  o.e.m.c.i.e.AbstractTransferListenerAdapter - Downloading https://repo.maven.apache.org/maven2/org/codehaus/plexus/plexus/1.0.8/plexus-1.0.8.pom
2026-03-31 22:29:09,357 [Worker-6: Creating spring-mvc-archetype] INFO  o.e.m.c.i.e.AbstractTransferListenerAdapter - Downloaded https://repo.maven.apache.org/maven2/org/codehaus/plexus/plexus/1.0.8/plexus-1.0.8.pom
2026-03-31 22:29:09,404 [Worker-6: Creating spring-mvc-archetype] INFO  o.e.m.c.i.e.AbstractTransferListenerAdapter - Downloading https://repo.maven.apache.org/maven2/org/codehaus/plexus/plexus-container-default/1.0-alpha-8/plexus-container-default-1.0-alpha-8.pom
2026-03-31 22:29:09,412 [Worker-6: Creating spring-mvc-archetype] INFO  o.e.m.c.i.e.AbstractTransferListenerAdapter - Downloaded https://repo.maven.apache.org/maven2/org/codehaus/plexus/plexus-container-default/1.0-alpha-8/plexus-container-default-1.0-alpha-8.pom
2026-03-31 22:29:09,469 [Worker-6: Creating spring-mvc-archetype] INFO  o.e.m.c.i.e.AbstractTransferListenerAdapter - Downloading https://repo.maven.apache.org/maven2/classworlds/classworlds/1.1-alpha-2/classworlds-1.1-alpha-2.pom
2026-03-31 22:29:09,501 [Worker-6: Creating spring-mvc-archetype] INFO  o.e.m.c.i.e.AbstractTransferListenerAdapter - Downloaded https://repo.maven.apache.org/maven2/classworlds/classworlds/1.1-alpha-2/classworlds-1.1-alpha-2.pom
2026-03-31 22:29:09,550 [Worker-6: Creating spring-mvc-archetype] INFO  o.e.m.c.i.e.AbstractTransferListenerAdapter - Downloading https://repo.maven.apache.org/maven2/org/codehaus/plexus/plexus-compiler-manager/1.5.3/plexus-compiler-manager-1.5.3.pom
2026-03-31 22:29:09,612 [Worker-6: Creating spring-mvc-archetype] INFO  o.e.m.c.i.e.AbstractTransferListenerAdapter - Downloaded https://repo.maven.apache.org/maven2/org/codehaus/plexus/plexus-compiler-manager/1.5.3/plexus-compiler-manager-1.5.3.pom
2026-03-31 22:29:09,669 [Worker-6: Creating spring-mvc-archetype] INFO  o.e.m.c.i.e.AbstractTransferListenerAdapter - Downloading https://repo.maven.apache.org/maven2/org/codehaus/plexus/plexus-compiler-javac/1.5.3/plexus-compiler-javac-1.5.3.pom
2026-03-31 22:29:09,674 [Worker-6: Creating spring-mvc-archetype] INFO  o.e.m.c.i.e.AbstractTransferListenerAdapter - Downloaded https://repo.maven.apache.org/maven2/org/codehaus/plexus/plexus-compiler-javac/1.5.3/plexus-compiler-javac-1.5.3.pom
2026-03-31 22:29:09,726 [Worker-6: Creating spring-mvc-archetype] INFO  o.e.m.c.i.e.AbstractTransferListenerAdapter - Downloading https://repo.maven.apache.org/maven2/org/codehaus/plexus/plexus-compilers/1.5.3/plexus-compilers-1.5.3.pom
2026-03-31 22:29:09,731 [Worker-6: Creating spring-mvc-archetype] INFO  o.e.m.c.i.e.AbstractTransferListenerAdapter - Downloaded https://repo.maven.apache.org/maven2/org/codehaus/plexus/plexus-compilers/1.5.3/plexus-compilers-1.5.3.pom
2026-03-31 22:29:09,787 [Worker-6: Creating spring-mvc-archetype] INFO  o.e.m.c.i.e.AbstractTransferListenerAdapter - Downloading https://repo.maven.apache.org/maven2/org/codehaus/plexus/plexus-utils/1.0.5/plexus-utils-1.0.5.pom
2026-03-31 22:29:09,792 [Worker-6: Creating spring-mvc-archetype] INFO  o.e.m.c.i.e.AbstractTransferListenerAdapter - Downloaded https://repo.maven.apache.org/maven2/org/codehaus/plexus/plexus-utils/1.0.5/plexus-utils-1.0.5.pom
2026-03-31 22:29:09,840 [Worker-6: Creating spring-mvc-archetype] INFO  o.e.m.c.i.e.AbstractTransferListenerAdapter - Downloading https://repo.maven.apache.org/maven2/org/codehaus/plexus/plexus/1.0.4/plexus-1.0.4.pom
2026-03-31 22:29:09,845 [Worker-6: Creating spring-mvc-archetype] INFO  o.e.m.c.i.e.AbstractTransferListenerAdapter - Downloaded https://repo.maven.apache.org/maven2/org/codehaus/plexus/plexus/1.0.4/plexus-1.0.4.pom
2026-03-31 22:29:09,897 [Worker-6: Creating spring-mvc-archetype] INFO  o.e.m.c.i.e.AbstractTransferListenerAdapter - Downloading https://repo.maven.apache.org/maven2/org/apache/maven/maven-artifact/2.0/maven-artifact-2.0.pom
2026-03-31 22:29:09,903 [Worker-6: Creating spring-mvc-archetype] INFO  o.e.m.c.i.e.AbstractTransferListenerAdapter - Downloaded https://repo.maven.apache.org/maven2/org/apache/maven/maven-artifact/2.0/maven-artifact-2.0.pom
2026-03-31 22:29:09,988 [Worker-6: Creating spring-mvc-archetype] INFO  o.e.m.c.i.e.AbstractTransferListenerAdapter - Downloading https://repo.maven.apache.org/maven2/org/apache/maven/maven-plugin-api/2.0/maven-plugin-api-2.0.jar
2026-03-31 22:29:09,994 [Worker-6: Creating spring-mvc-archetype] INFO  o.e.m.c.i.e.AbstractTransferListenerAdapter - Downloaded https://repo.maven.apache.org/maven2/org/apache/maven/maven-plugin-api/2.0/maven-plugin-api-2.0.jar
2026-03-31 22:29:10,042 [BasicRepositoryConnector-repo.maven.apache.org-0-2] INFO  o.e.m.c.i.e.AbstractTransferListenerAdapter - Downloading https://repo.maven.apache.org/maven2/org/codehaus/plexus/plexus-container-default/1.0-alpha-8/plexus-container-default-1.0-alpha-8.jar
2026-03-31 22:29:10,098 [BasicRepositoryConnector-repo.maven.apache.org-0-2] INFO  o.e.m.c.i.e.AbstractTransferListenerAdapter - Downloaded https://repo.maven.apache.org/maven2/org/codehaus/plexus/plexus-container-default/1.0-alpha-8/plexus-container-default-1.0-alpha-8.jar
2026-03-31 22:29:10,106 [BasicRepositoryConnector-repo.maven.apache.org-0-0] INFO  o.e.m.c.i.e.AbstractTransferListenerAdapter - Downloading https://repo.maven.apache.org/maven2/org/codehaus/plexus/plexus-utils/1.0.4/plexus-utils-1.0.4.jar
2026-03-31 22:29:10,141 [BasicRepositoryConnector-repo.maven.apache.org-0-1] INFO  o.e.m.c.i.e.AbstractTransferListenerAdapter - Downloading https://repo.maven.apache.org/maven2/org/codehaus/plexus/plexus-compiler-api/1.5.3/plexus-compiler-api-1.5.3.jar
2026-03-31 22:29:10,142 [BasicRepositoryConnector-repo.maven.apache.org-0-4] INFO  o.e.m.c.i.e.AbstractTransferListenerAdapter - Downloading https://repo.maven.apache.org/maven2/org/codehaus/plexus/plexus-compiler-manager/1.5.3/plexus-compiler-manager-1.5.3.jar
2026-03-31 22:29:10,150 [BasicRepositoryConnector-repo.maven.apache.org-0-1] INFO  o.e.m.c.i.e.AbstractTransferListenerAdapter - Downloaded https://repo.maven.apache.org/maven2/org/codehaus/plexus/plexus-compiler-api/1.5.3/plexus-compiler-api-1.5.3.jar
2026-03-31 22:29:10,163 [BasicRepositoryConnector-repo.maven.apache.org-0-4] INFO  o.e.m.c.i.e.AbstractTransferListenerAdapter - Downloaded https://repo.maven.apache.org/maven2/org/codehaus/plexus/plexus-compiler-manager/1.5.3/plexus-compiler-manager-1.5.3.jar
2026-03-31 22:29:10,170 [BasicRepositoryConnector-repo.maven.apache.org-0-2] INFO  o.e.m.c.i.e.AbstractTransferListenerAdapter - Downloading https://repo.maven.apache.org/maven2/org/codehaus/plexus/plexus-compiler-javac/1.5.3/plexus-compiler-javac-1.5.3.jar
2026-03-31 22:29:10,178 [BasicRepositoryConnector-repo.maven.apache.org-0-2] INFO  o.e.m.c.i.e.AbstractTransferListenerAdapter - Downloaded https://repo.maven.apache.org/maven2/org/codehaus/plexus/plexus-compiler-javac/1.5.3/plexus-compiler-javac-1.5.3.jar
2026-03-31 22:29:10,186 [BasicRepositoryConnector-repo.maven.apache.org-0-0] INFO  o.e.m.c.i.e.AbstractTransferListenerAdapter - Downloaded https://repo.maven.apache.org/maven2/org/codehaus/plexus/plexus-utils/1.0.4/plexus-utils-1.0.4.jar
2026-03-31 22:29:10,186 [BasicRepositoryConnector-repo.maven.apache.org-0-3] INFO  o.e.m.c.i.e.AbstractTransferListenerAdapter - Downloading https://repo.maven.apache.org/maven2/classworlds/classworlds/1.1-alpha-2/classworlds-1.1-alpha-2.jar
2026-03-31 22:29:10,195 [BasicRepositoryConnector-repo.maven.apache.org-0-3] INFO  o.e.m.c.i.e.AbstractTransferListenerAdapter - Downloaded https://repo.maven.apache.org/maven2/classworlds/classworlds/1.1-alpha-2/classworlds-1.1-alpha-2.jar
2026-03-31 22:29:10,197 [BasicRepositoryConnector-repo.maven.apache.org-0-1] INFO  o.e.m.c.i.e.AbstractTransferListenerAdapter - Downloading https://repo.maven.apache.org/maven2/org/apache/maven/maven-artifact/2.0/maven-artifact-2.0.jar
2026-03-31 22:29:10,228 [BasicRepositoryConnector-repo.maven.apache.org-0-1] INFO  o.e.m.c.i.e.AbstractTransferListenerAdapter - Downloaded https://repo.maven.apache.org/maven2/org/apache/maven/maven-artifact/2.0/maven-artifact-2.0.jar
2026-03-31 22:29:10,418 [Worker-6: Creating spring-mvc-archetype] INFO  o.e.m.c.i.l.LifecycleMappingFactory - Using org.maven.ide.eclipse.wtp.WarLifecycleMapping lifecycle mapping for MavenProject: com.demo.spring.maven:springMVCWithMaven:0.0.1-SNAPSHOT @ C:\Users\DELL\SivaMavenProject\springMVCWithMaven\pom.xml.
2026-03-31 22:29:11,604 [Worker-6: Creating spring-mvc-archetype] INFO  o.e.m.c.i.e.AbstractTransferListenerAdapter - Downloaded https://oss.sonatype.org/content/repositories/springsource-milestones/org/springframework/spring-context/3.1.0.RELEASE/spring-context-3.1.0.RELEASE.pom
2026-03-31 22:29:11,655 [Worker-6: Creating spring-mvc-archetype] INFO  o.e.m.c.i.e.AbstractTransferListenerAdapter - Downloading https://repo.maven.apache.org/maven2/org/springframework/spring-context/3.1.0.RELEASE/spring-context-3.1.0.RELEASE.pom
2026-03-31 22:29:11,661 [Worker-6: Creating spring-mvc-archetype] INFO  o.e.m.c.i.e.AbstractTransferListenerAdapter - Downloaded https://repo.maven.apache.org/maven2/org/springframework/spring-context/3.1.0.RELEASE/spring-context-3.1.0.RELEASE.pom
2026-03-31 22:29:12,182 [Worker-6: Creating spring-mvc-archetype] INFO  o.e.m.c.i.e.AbstractTransferListenerAdapter - Downloaded https://oss.sonatype.org/content/repositories/springsource-milestones/org/springframework/spring-parent/3.1.0.RELEASE/spring-parent-3.1.0.RELEASE.pom
2026-03-31 22:29:12,226 [Worker-6: Creating spring-mvc-archetype] INFO  o.e.m.c.i.e.AbstractTransferListenerAdapter - Downloading https://repo.maven.apache.org/maven2/org/springframework/spring-parent/3.1.0.RELEASE/spring-parent-3.1.0.RELEASE.pom
2026-03-31 22:29:12,233 [Worker-6: Creating spring-mvc-archetype] INFO  o.e.m.c.i.e.AbstractTransferListenerAdapter - Downloaded https://repo.maven.apache.org/maven2/org/springframework/spring-parent/3.1.0.RELEASE/spring-parent-3.1.0.RELEASE.pom
2026-03-31 22:29:12,593 [Worker-6: Creating spring-mvc-archetype] INFO  o.e.m.c.i.e.AbstractTransferListenerAdapter - Downloaded https://oss.sonatype.org/content/repositories/springsource-milestones/org/springframework/spring-aop/3.1.0.RELEASE/spring-aop-3.1.0.RELEASE.pom
2026-03-31 22:29:12,635 [Worker-6: Creating spring-mvc-archetype] INFO  o.e.m.c.i.e.AbstractTransferListenerAdapter - Downloading https://repo.maven.apache.org/maven2/org/springframework/spring-aop/3.1.0.RELEASE/spring-aop-3.1.0.RELEASE.pom
2026-03-31 22:29:12,642 [Worker-6: Creating spring-mvc-archetype] INFO  o.e.m.c.i.e.AbstractTransferListenerAdapter - Downloaded https://repo.maven.apache.org/maven2/org/springframework/spring-aop/3.1.0.RELEASE/spring-aop-3.1.0.RELEASE.pom
2026-03-31 22:29:12,926 [Worker-6: Creating spring-mvc-archetype] INFO  o.e.m.c.i.e.AbstractTransferListenerAdapter - Downloaded https://oss.sonatype.org/content/repositories/springsource-milestones/org/springframework/spring-asm/3.1.0.RELEASE/spring-asm-3.1.0.RELEASE.pom
2026-03-31 22:29:13,088 [Worker-6: Creating spring-mvc-archetype] INFO  o.e.m.c.i.e.AbstractTransferListenerAdapter - Downloading https://repo.maven.apache.org/maven2/org/springframework/spring-asm/3.1.0.RELEASE/spring-asm-3.1.0.RELEASE.pom
2026-03-31 22:29:13,094 [Worker-6: Creating spring-mvc-archetype] INFO  o.e.m.c.i.e.AbstractTransferListenerAdapter - Downloaded https://repo.maven.apache.org/maven2/org/springframework/spring-asm/3.1.0.RELEASE/spring-asm-3.1.0.RELEASE.pom
2026-03-31 22:29:13,348 [Worker-6: Creating spring-mvc-archetype] INFO  o.e.m.c.i.e.AbstractTransferListenerAdapter - Downloaded https://oss.sonatype.org/content/repositories/springsource-milestones/org/springframework/spring-beans/3.1.0.RELEASE/spring-beans-3.1.0.RELEASE.pom
2026-03-31 22:29:13,391 [Worker-6: Creating spring-mvc-archetype] INFO  o.e.m.c.i.e.AbstractTransferListenerAdapter - Downloading https://repo.maven.apache.org/maven2/org/springframework/spring-beans/3.1.0.RELEASE/spring-beans-3.1.0.RELEASE.pom
2026-03-31 22:29:13,396 [Worker-6: Creating spring-mvc-archetype] INFO  o.e.m.c.i.e.AbstractTransferListenerAdapter - Downloaded https://repo.maven.apache.org/maven2/org/springframework/spring-beans/3.1.0.RELEASE/spring-beans-3.1.0.RELEASE.pom
2026-03-31 22:29:13,646 [Worker-6: Creating spring-mvc-archetype] INFO  o.e.m.c.i.e.AbstractTransferListenerAdapter - Downloaded https://oss.sonatype.org/content/repositories/springsource-milestones/org/springframework/spring-core/3.1.0.RELEASE/spring-core-3.1.0.RELEASE.pom
2026-03-31 22:29:13,694 [Worker-6: Creating spring-mvc-archetype] INFO  o.e.m.c.i.e.AbstractTransferListenerAdapter - Downloading https://repo.maven.apache.org/maven2/org/springframework/spring-core/3.1.0.RELEASE/spring-core-3.1.0.RELEASE.pom
2026-03-31 22:29:13,700 [Worker-6: Creating spring-mvc-archetype] INFO  o.e.m.c.i.e.AbstractTransferListenerAdapter - Downloaded https://repo.maven.apache.org/maven2/org/springframework/spring-core/3.1.0.RELEASE/spring-core-3.1.0.RELEASE.pom
2026-03-31 22:29:13,957 [Worker-6: Creating spring-mvc-archetype] INFO  o.e.m.c.i.e.AbstractTransferListenerAdapter - Downloaded https://oss.sonatype.org/content/repositories/springsource-milestones/commons-logging/commons-logging/1.1.1/commons-logging-1.1.1.pom
2026-03-31 22:29:14,003 [Worker-6: Creating spring-mvc-archetype] INFO  o.e.m.c.i.e.AbstractTransferListenerAdapter - Downloading https://repo.maven.apache.org/maven2/commons-logging/commons-logging/1.1.1/commons-logging-1.1.1.pom
2026-03-31 22:29:14,012 [Worker-6: Creating spring-mvc-archetype] INFO  o.e.m.c.i.e.AbstractTransferListenerAdapter - Downloaded https://repo.maven.apache.org/maven2/commons-logging/commons-logging/1.1.1/commons-logging-1.1.1.pom
2026-03-31 22:29:14,262 [Worker-6: Creating spring-mvc-archetype] INFO  o.e.m.c.i.e.AbstractTransferListenerAdapter - Downloaded https://oss.sonatype.org/content/repositories/springsource-milestones/org/apache/commons/commons-parent/5/commons-parent-5.pom
2026-03-31 22:29:14,305 [Worker-6: Creating spring-mvc-archetype] INFO  o.e.m.c.i.e.AbstractTransferListenerAdapter - Downloading https://repo.maven.apache.org/maven2/org/apache/commons/commons-parent/5/commons-parent-5.pom
2026-03-31 22:29:14,312 [Worker-6: Creating spring-mvc-archetype] INFO  o.e.m.c.i.e.AbstractTransferListenerAdapter - Downloaded https://repo.maven.apache.org/maven2/org/apache/commons/commons-parent/5/commons-parent-5.pom
2026-03-31 22:29:14,560 [Worker-6: Creating spring-mvc-archetype] INFO  o.e.m.c.i.e.AbstractTransferListenerAdapter - Downloaded https://oss.sonatype.org/content/repositories/springsource-milestones/org/apache/apache/4/apache-4.pom
2026-03-31 22:29:14,600 [Worker-6: Creating spring-mvc-archetype] INFO  o.e.m.c.i.e.AbstractTransferListenerAdapter - Downloading https://repo.maven.apache.org/maven2/org/apache/apache/4/apache-4.pom
2026-03-31 22:29:14,609 [Worker-6: Creating spring-mvc-archetype] INFO  o.e.m.c.i.e.AbstractTransferListenerAdapter - Downloaded https://repo.maven.apache.org/maven2/org/apache/apache/4/apache-4.pom
2026-03-31 22:29:14,857 [Worker-6: Creating spring-mvc-archetype] INFO  o.e.m.c.i.e.AbstractTransferListenerAdapter - Downloaded https://oss.sonatype.org/content/repositories/springsource-milestones/org/springframework/spring-expression/3.1.0.RELEASE/spring-expression-3.1.0.RELEASE.pom
2026-03-31 22:29:14,902 [Worker-6: Creating spring-mvc-archetype] INFO  o.e.m.c.i.e.AbstractTransferListenerAdapter - Downloading https://repo.maven.apache.org/maven2/org/springframework/spring-expression/3.1.0.RELEASE/spring-expression-3.1.0.RELEASE.pom
2026-03-31 22:29:14,910 [Worker-6: Creating spring-mvc-archetype] INFO  o.e.m.c.i.e.AbstractTransferListenerAdapter - Downloaded https://repo.maven.apache.org/maven2/org/springframework/spring-expression/3.1.0.RELEASE/spring-expression-3.1.0.RELEASE.pom
2026-03-31 22:29:15,322 [Worker-6: Creating spring-mvc-archetype] INFO  o.e.m.c.i.e.AbstractTransferListenerAdapter - Downloaded https://oss.sonatype.org/content/repositories/springsource-milestones/org/springframework/spring-webmvc/3.1.0.RELEASE/spring-webmvc-3.1.0.RELEASE.pom
2026-03-31 22:29:15,401 [Worker-6: Creating spring-mvc-archetype] INFO  o.e.m.c.i.e.AbstractTransferListenerAdapter - Downloading https://repo.maven.apache.org/maven2/org/springframework/spring-webmvc/3.1.0.RELEASE/spring-webmvc-3.1.0.RELEASE.pom
2026-03-31 22:29:15,533 [Worker-6: Creating spring-mvc-archetype] INFO  o.e.m.c.i.e.AbstractTransferListenerAdapter - Downloaded https://repo.maven.apache.org/maven2/org/springframework/spring-webmvc/3.1.0.RELEASE/spring-webmvc-3.1.0.RELEASE.pom
2026-03-31 22:29:15,837 [Worker-6: Creating spring-mvc-archetype] INFO  o.e.m.c.i.e.AbstractTransferListenerAdapter - Downloaded https://oss.sonatype.org/content/repositories/springsource-milestones/org/springframework/spring-context-support/3.1.0.RELEASE/spring-context-support-3.1.0.RELEASE.pom
2026-03-31 22:29:15,880 [Worker-6: Creating spring-mvc-archetype] INFO  o.e.m.c.i.e.AbstractTransferListenerAdapter - Downloading https://repo.maven.apache.org/maven2/org/springframework/spring-context-support/3.1.0.RELEASE/spring-context-support-3.1.0.RELEASE.pom
2026-03-31 22:29:15,888 [Worker-6: Creating spring-mvc-archetype] INFO  o.e.m.c.i.e.AbstractTransferListenerAdapter - Downloaded https://repo.maven.apache.org/maven2/org/springframework/spring-context-support/3.1.0.RELEASE/spring-context-support-3.1.0.RELEASE.pom
2026-03-31 22:29:16,504 [Worker-6: Creating spring-mvc-archetype] INFO  o.e.m.c.i.e.AbstractTransferListenerAdapter - Downloaded https://oss.sonatype.org/content/repositories/springsource-milestones/org/springframework/spring-web/3.1.0.RELEASE/spring-web-3.1.0.RELEASE.pom
2026-03-31 22:29:16,550 [Worker-6: Creating spring-mvc-archetype] INFO  o.e.m.c.i.e.AbstractTransferListenerAdapter - Downloading https://repo.maven.apache.org/maven2/org/springframework/spring-web/3.1.0.RELEASE/spring-web-3.1.0.RELEASE.pom
2026-03-31 22:29:16,554 [Worker-6: Creating spring-mvc-archetype] INFO  o.e.m.c.i.e.AbstractTransferListenerAdapter - Downloaded https://repo.maven.apache.org/maven2/org/springframework/spring-web/3.1.0.RELEASE/spring-web-3.1.0.RELEASE.pom
2026-03-31 22:29:16,852 [Worker-6: Creating spring-mvc-archetype] INFO  o.e.m.c.i.e.AbstractTransferListenerAdapter - Downloaded https://oss.sonatype.org/content/repositories/springsource-milestones/org/springframework/spring-orm/3.1.0.RELEASE/spring-orm-3.1.0.RELEASE.pom
2026-03-31 22:29:16,897 [Worker-6: Creating spring-mvc-archetype] INFO  o.e.m.c.i.e.AbstractTransferListenerAdapter - Downloading https://repo.maven.apache.org/maven2/org/springframework/spring-orm/3.1.0.RELEASE/spring-orm-3.1.0.RELEASE.pom
2026-03-31 22:29:16,903 [Worker-6: Creating spring-mvc-archetype] INFO  o.e.m.c.i.e.AbstractTransferListenerAdapter - Downloaded https://repo.maven.apache.org/maven2/org/springframework/spring-orm/3.1.0.RELEASE/spring-orm-3.1.0.RELEASE.pom
2026-03-31 22:29:17,151 [Worker-6: Creating spring-mvc-archetype] INFO  o.e.m.c.i.e.AbstractTransferListenerAdapter - Downloaded https://oss.sonatype.org/content/repositories/springsource-milestones/org/springframework/spring-jdbc/3.1.0.RELEASE/spring-jdbc-3.1.0.RELEASE.pom
2026-03-31 22:29:17,194 [Worker-6: Creating spring-mvc-archetype] INFO  o.e.m.c.i.e.AbstractTransferListenerAdapter - Downloading https://repo.maven.apache.org/maven2/org/springframework/spring-jdbc/3.1.0.RELEASE/spring-jdbc-3.1.0.RELEASE.pom
2026-03-31 22:29:17,199 [Worker-6: Creating spring-mvc-archetype] INFO  o.e.m.c.i.e.AbstractTransferListenerAdapter - Downloaded https://repo.maven.apache.org/maven2/org/springframework/spring-jdbc/3.1.0.RELEASE/spring-jdbc-3.1.0.RELEASE.pom
2026-03-31 22:29:17,546 [Worker-6: Creating spring-mvc-archetype] INFO  o.e.m.c.i.e.AbstractTransferListenerAdapter - Downloaded https://oss.sonatype.org/content/repositories/springsource-milestones/org/springframework/spring-tx/3.1.0.RELEASE/spring-tx-3.1.0.RELEASE.pom
2026-03-31 22:29:17,588 [Worker-6: Creating spring-mvc-archetype] INFO  o.e.m.c.i.e.AbstractTransferListenerAdapter - Downloading https://repo.maven.apache.org/maven2/org/springframework/spring-tx/3.1.0.RELEASE/spring-tx-3.1.0.RELEASE.pom
2026-03-31 22:29:17,593 [Worker-6: Creating spring-mvc-archetype] INFO  o.e.m.c.i.e.AbstractTransferListenerAdapter - Downloaded https://repo.maven.apache.org/maven2/org/springframework/spring-tx/3.1.0.RELEASE/spring-tx-3.1.0.RELEASE.pom
2026-03-31 22:29:17,841 [Worker-6: Creating spring-mvc-archetype] INFO  o.e.m.c.i.e.AbstractTransferListenerAdapter - Downloaded https://oss.sonatype.org/content/repositories/springsource-milestones/org/springframework/spring-test/3.1.0.RELEASE/spring-test-3.1.0.RELEASE.pom
2026-03-31 22:29:17,886 [Worker-6: Creating spring-mvc-archetype] INFO  o.e.m.c.i.e.AbstractTransferListenerAdapter - Downloading https://repo.maven.apache.org/maven2/org/springframework/spring-test/3.1.0.RELEASE/spring-test-3.1.0.RELEASE.pom
2026-03-31 22:29:17,891 [Worker-6: Creating spring-mvc-archetype] INFO  o.e.m.c.i.e.AbstractTransferListenerAdapter - Downloaded https://repo.maven.apache.org/maven2/org/springframework/spring-test/3.1.0.RELEASE/spring-test-3.1.0.RELEASE.pom
2026-03-31 22:29:18,219 [Worker-6: Creating spring-mvc-archetype] INFO  o.e.m.c.i.e.AbstractTransferListenerAdapter - Downloaded https://oss.sonatype.org/content/repositories/springsource-milestones/cglib/cglib-nodep/2.2.2/cglib-nodep-2.2.2.pom
2026-03-31 22:29:18,259 [Worker-6: Creating spring-mvc-archetype] INFO  o.e.m.c.i.e.AbstractTransferListenerAdapter - Downloading https://repo.maven.apache.org/maven2/cglib/cglib-nodep/2.2.2/cglib-nodep-2.2.2.pom
2026-03-31 22:29:18,263 [Worker-6: Creating spring-mvc-archetype] INFO  o.e.m.c.i.e.AbstractTransferListenerAdapter - Downloaded https://repo.maven.apache.org/maven2/cglib/cglib-nodep/2.2.2/cglib-nodep-2.2.2.pom
2026-03-31 22:29:18,544 [Worker-6: Creating spring-mvc-archetype] INFO  o.e.m.c.i.e.AbstractTransferListenerAdapter - Downloaded https://oss.sonatype.org/content/repositories/springsource-milestones/javax/servlet/servlet-api/2.4/servlet-api-2.4.pom
2026-03-31 22:29:18,584 [Worker-6: Creating spring-mvc-archetype] INFO  o.e.m.c.i.e.AbstractTransferListenerAdapter - Downloading https://repo.maven.apache.org/maven2/javax/servlet/servlet-api/2.4/servlet-api-2.4.pom
2026-03-31 22:29:18,589 [Worker-6: Creating spring-mvc-archetype] INFO  o.e.m.c.i.e.AbstractTransferListenerAdapter - Downloaded https://repo.maven.apache.org/maven2/javax/servlet/servlet-api/2.4/servlet-api-2.4.pom
2026-03-31 22:29:18,935 [Worker-6: Creating spring-mvc-archetype] INFO  o.e.m.c.i.e.AbstractTransferListenerAdapter - Downloaded https://oss.sonatype.org/content/repositories/springsource-milestones/javax/servlet/jsp/jsp-api/2.1/jsp-api-2.1.pom
2026-03-31 22:29:18,978 [Worker-6: Creating spring-mvc-archetype] INFO  o.e.m.c.i.e.AbstractTransferListenerAdapter - Downloading https://repo.maven.apache.org/maven2/javax/servlet/jsp/jsp-api/2.1/jsp-api-2.1.pom
2026-03-31 22:29:18,983 [Worker-6: Creating spring-mvc-archetype] INFO  o.e.m.c.i.e.AbstractTransferListenerAdapter - Downloaded https://repo.maven.apache.org/maven2/javax/servlet/jsp/jsp-api/2.1/jsp-api-2.1.pom
2026-03-31 22:29:19,259 [Worker-6: Creating spring-mvc-archetype] INFO  o.e.m.c.i.e.AbstractTransferListenerAdapter - Downloaded https://oss.sonatype.org/content/repositories/springsource-milestones/org/springframework/spring-context/3.1.0.RELEASE/spring-context-3.1.0.RELEASE.jar
2026-03-31 22:29:19,499 [BasicRepositoryConnector-oss.sonatype.org-1-0] INFO  o.e.m.c.i.e.AbstractTransferListenerAdapter - Downloaded https://oss.sonatype.org/content/repositories/springsource-milestones/org/springframework/spring-aop/3.1.0.RELEASE/spring-aop-3.1.0.RELEASE.jar
2026-03-31 22:29:19,737 [BasicRepositoryConnector-oss.sonatype.org-1-0] INFO  o.e.m.c.i.e.AbstractTransferListenerAdapter - Downloaded https://oss.sonatype.org/content/repositories/springsource-milestones/org/springframework/spring-expression/3.1.0.RELEASE/spring-expression-3.1.0.RELEASE.jar
2026-03-31 22:29:19,911 [BasicRepositoryConnector-oss.sonatype.org-1-3] INFO  o.e.m.c.i.e.AbstractTransferListenerAdapter - Downloaded https://oss.sonatype.org/content/repositories/springsource-milestones/org/springframework/spring-core/3.1.0.RELEASE/spring-core-3.1.0.RELEASE.jar
2026-03-31 22:29:19,919 [BasicRepositoryConnector-oss.sonatype.org-1-2] INFO  o.e.m.c.i.e.AbstractTransferListenerAdapter - Downloaded https://oss.sonatype.org/content/repositories/springsource-milestones/org/springframework/spring-beans/3.1.0.RELEASE/spring-beans-3.1.0.RELEASE.jar
2026-03-31 22:29:19,920 [BasicRepositoryConnector-oss.sonatype.org-1-1] INFO  o.e.m.c.i.e.AbstractTransferListenerAdapter - Downloaded https://oss.sonatype.org/content/repositories/springsource-milestones/aopalliance/aopalliance/1.0/aopalliance-1.0.jar
2026-03-31 22:29:19,923 [BasicRepositoryConnector-oss.sonatype.org-1-4] INFO  o.e.m.c.i.e.AbstractTransferListenerAdapter - Downloaded https://oss.sonatype.org/content/repositories/springsource-milestones/commons-logging/commons-logging/1.1.1/commons-logging-1.1.1.jar
2026-03-31 22:29:19,975 [BasicRepositoryConnector-oss.sonatype.org-1-0] INFO  o.e.m.c.i.e.AbstractTransferListenerAdapter - Downloaded https://oss.sonatype.org/content/repositories/springsource-milestones/org/springframework/spring-asm/3.1.0.RELEASE/spring-asm-3.1.0.RELEASE.jar
2026-03-31 22:29:20,166 [BasicRepositoryConnector-oss.sonatype.org-1-3] INFO  o.e.m.c.i.e.AbstractTransferListenerAdapter - Downloaded https://oss.sonatype.org/content/repositories/springsource-milestones/org/springframework/spring-webmvc/3.1.0.RELEASE/spring-webmvc-3.1.0.RELEASE.jar
2026-03-31 22:29:20,167 [BasicRepositoryConnector-oss.sonatype.org-1-2] INFO  o.e.m.c.i.e.AbstractTransferListenerAdapter - Downloaded https://oss.sonatype.org/content/repositories/springsource-milestones/org/springframework/spring-context-support/3.1.0.RELEASE/spring-context-support-3.1.0.RELEASE.jar
2026-03-31 22:29:20,170 [BasicRepositoryConnector-oss.sonatype.org-1-4] INFO  o.e.m.c.i.e.AbstractTransferListenerAdapter - Downloaded https://oss.sonatype.org/content/repositories/springsource-milestones/org/springframework/spring-orm/3.1.0.RELEASE/spring-orm-3.1.0.RELEASE.jar
2026-03-31 22:29:20,232 [BasicRepositoryConnector-oss.sonatype.org-1-0] INFO  o.e.m.c.i.e.AbstractTransferListenerAdapter - Downloaded https://oss.sonatype.org/content/repositories/springsource-milestones/org/springframework/spring-jdbc/3.1.0.RELEASE/spring-jdbc-3.1.0.RELEASE.jar
2026-03-31 22:29:20,332 [BasicRepositoryConnector-oss.sonatype.org-1-1] INFO  o.e.m.c.i.e.AbstractTransferListenerAdapter - Downloaded https://oss.sonatype.org/content/repositories/springsource-milestones/org/springframework/spring-web/3.1.0.RELEASE/spring-web-3.1.0.RELEASE.jar
2026-03-31 22:29:20,413 [BasicRepositoryConnector-oss.sonatype.org-1-3] INFO  o.e.m.c.i.e.AbstractTransferListenerAdapter - Downloaded https://oss.sonatype.org/content/repositories/springsource-milestones/org/springframework/spring-tx/3.1.0.RELEASE/spring-tx-3.1.0.RELEASE.jar
2026-03-31 22:29:20,419 [BasicRepositoryConnector-oss.sonatype.org-1-2] INFO  o.e.m.c.i.e.AbstractTransferListenerAdapter - Downloaded https://oss.sonatype.org/content/repositories/springsource-milestones/org/springframework/spring-test/3.1.0.RELEASE/spring-test-3.1.0.RELEASE.jar
2026-03-31 22:29:20,423 [BasicRepositoryConnector-oss.sonatype.org-1-4] INFO  o.e.m.c.i.e.AbstractTransferListenerAdapter - Downloaded https://oss.sonatype.org/content/repositories/springsource-milestones/cglib/cglib-nodep/2.2.2/cglib-nodep-2.2.2.jar
2026-03-31 22:29:20,482 [BasicRepositoryConnector-oss.sonatype.org-1-0] INFO  o.e.m.c.i.e.AbstractTransferListenerAdapter - Downloaded https://oss.sonatype.org/content/repositories/springsource-milestones/javax/servlet/servlet-api/2.4/servlet-api-2.4.jar
2026-03-31 22:29:20,589 [BasicRepositoryConnector-oss.sonatype.org-1-1] INFO  o.e.m.c.i.e.AbstractTransferListenerAdapter - Downloaded https://oss.sonatype.org/content/repositories/springsource-milestones/javax/servlet/jsp/jsp-api/2.1/jsp-api-2.1.jar
2026-03-31 22:29:20,681 [Worker-6: Creating spring-mvc-archetype] INFO  o.e.m.c.i.e.AbstractTransferListenerAdapter - Downloading https://repo.maven.apache.org/maven2/org/springframework/spring-context/3.1.0.RELEASE/spring-context-3.1.0.RELEASE.jar
2026-03-31 22:29:20,848 [Worker-6: Creating spring-mvc-archetype] INFO  o.e.m.c.i.e.AbstractTransferListenerAdapter - Downloaded https://repo.maven.apache.org/maven2/org/springframework/spring-context/3.1.0.RELEASE/spring-context-3.1.0.RELEASE.jar
2026-03-31 22:29:20,891 [BasicRepositoryConnector-repo.maven.apache.org-2-0] INFO  o.e.m.c.i.e.AbstractTransferListenerAdapter - Downloading https://repo.maven.apache.org/maven2/org/springframework/spring-aop/3.1.0.RELEASE/spring-aop-3.1.0.RELEASE.jar
2026-03-31 22:29:20,891 [BasicRepositoryConnector-repo.maven.apache.org-2-4] INFO  o.e.m.c.i.e.AbstractTransferListenerAdapter - Downloading https://repo.maven.apache.org/maven2/commons-logging/commons-logging/1.1.1/commons-logging-1.1.1.jar
2026-03-31 22:29:20,929 [BasicRepositoryConnector-repo.maven.apache.org-2-2] INFO  o.e.m.c.i.e.AbstractTransferListenerAdapter - Downloading https://repo.maven.apache.org/maven2/org/springframework/spring-beans/3.1.0.RELEASE/spring-beans-3.1.0.RELEASE.jar
2026-03-31 22:29:20,935 [BasicRepositoryConnector-repo.maven.apache.org-2-4] INFO  o.e.m.c.i.e.AbstractTransferListenerAdapter - Downloaded https://repo.maven.apache.org/maven2/commons-logging/commons-logging/1.1.1/commons-logging-1.1.1.jar
2026-03-31 22:29:20,942 [BasicRepositoryConnector-repo.maven.apache.org-2-3] INFO  o.e.m.c.i.e.AbstractTransferListenerAdapter - Downloading https://repo.maven.apache.org/maven2/org/springframework/spring-core/3.1.0.RELEASE/spring-core-3.1.0.RELEASE.jar
2026-03-31 22:29:20,946 [BasicRepositoryConnector-repo.maven.apache.org-2-1] INFO  o.e.m.c.i.e.AbstractTransferListenerAdapter - Downloading https://repo.maven.apache.org/maven2/aopalliance/aopalliance/1.0/aopalliance-1.0.jar
2026-03-31 22:29:20,950 [BasicRepositoryConnector-repo.maven.apache.org-2-1] INFO  o.e.m.c.i.e.AbstractTransferListenerAdapter - Downloaded https://repo.maven.apache.org/maven2/aopalliance/aopalliance/1.0/aopalliance-1.0.jar
2026-03-31 22:29:20,992 [BasicRepositoryConnector-repo.maven.apache.org-2-4] INFO  o.e.m.c.i.e.AbstractTransferListenerAdapter - Downloading https://repo.maven.apache.org/maven2/org/springframework/spring-expression/3.1.0.RELEASE/spring-expression-3.1.0.RELEASE.jar
2026-03-31 22:29:20,992 [BasicRepositoryConnector-repo.maven.apache.org-2-0] INFO  o.e.m.c.i.e.AbstractTransferListenerAdapter - Downloaded https://repo.maven.apache.org/maven2/org/springframework/spring-aop/3.1.0.RELEASE/spring-aop-3.1.0.RELEASE.jar
2026-03-31 22:29:21,069 [BasicRepositoryConnector-repo.maven.apache.org-2-1] INFO  o.e.m.c.i.e.AbstractTransferListenerAdapter - Downloading https://repo.maven.apache.org/maven2/org/springframework/spring-asm/3.1.0.RELEASE/spring-asm-3.1.0.RELEASE.jar
2026-03-31 22:29:21,081 [BasicRepositoryConnector-repo.maven.apache.org-2-1] INFO  o.e.m.c.i.e.AbstractTransferListenerAdapter - Downloaded https://repo.maven.apache.org/maven2/org/springframework/spring-asm/3.1.0.RELEASE/spring-asm-3.1.0.RELEASE.jar
2026-03-31 22:29:21,105 [BasicRepositoryConnector-repo.maven.apache.org-2-4] INFO  o.e.m.c.i.e.AbstractTransferListenerAdapter - Downloaded https://repo.maven.apache.org/maven2/org/springframework/spring-expression/3.1.0.RELEASE/spring-expression-3.1.0.RELEASE.jar
2026-03-31 22:29:21,116 [BasicRepositoryConnector-repo.maven.apache.org-2-0] INFO  o.e.m.c.i.e.AbstractTransferListenerAdapter - Downloading https://repo.maven.apache.org/maven2/org/springframework/spring-webmvc/3.1.0.RELEASE/spring-webmvc-3.1.0.RELEASE.jar
2026-03-31 22:29:21,232 [BasicRepositoryConnector-repo.maven.apache.org-2-1] INFO  o.e.m.c.i.e.AbstractTransferListenerAdapter - Downloading https://repo.maven.apache.org/maven2/org/springframework/spring-context-support/3.1.0.RELEASE/spring-context-support-3.1.0.RELEASE.jar
2026-03-31 22:29:21,279 [BasicRepositoryConnector-repo.maven.apache.org-2-1] INFO  o.e.m.c.i.e.AbstractTransferListenerAdapter - Downloaded https://repo.maven.apache.org/maven2/org/springframework/spring-context-support/3.1.0.RELEASE/spring-context-support-3.1.0.RELEASE.jar
2026-03-31 22:29:21,296 [BasicRepositoryConnector-repo.maven.apache.org-2-4] INFO  o.e.m.c.i.e.AbstractTransferListenerAdapter - Downloading https://repo.maven.apache.org/maven2/org/springframework/spring-web/3.1.0.RELEASE/spring-web-3.1.0.RELEASE.jar
2026-03-31 22:29:21,309 [BasicRepositoryConnector-repo.maven.apache.org-2-3] INFO  o.e.m.c.i.e.AbstractTransferListenerAdapter - Downloaded https://repo.maven.apache.org/maven2/org/springframework/spring-core/3.1.0.RELEASE/spring-core-3.1.0.RELEASE.jar
2026-03-31 22:29:21,338 [BasicRepositoryConnector-repo.maven.apache.org-2-0] INFO  o.e.m.c.i.e.AbstractTransferListenerAdapter - Downloaded https://repo.maven.apache.org/maven2/org/springframework/spring-webmvc/3.1.0.RELEASE/spring-webmvc-3.1.0.RELEASE.jar
2026-03-31 22:29:21,352 [BasicRepositoryConnector-repo.maven.apache.org-2-2] INFO  o.e.m.c.i.e.AbstractTransferListenerAdapter - Downloaded https://repo.maven.apache.org/maven2/org/springframework/spring-beans/3.1.0.RELEASE/spring-beans-3.1.0.RELEASE.jar
2026-03-31 22:29:21,395 [BasicRepositoryConnector-repo.maven.apache.org-2-3] INFO  o.e.m.c.i.e.AbstractTransferListenerAdapter - Downloading https://repo.maven.apache.org/maven2/org/springframework/spring-jdbc/3.1.0.RELEASE/spring-jdbc-3.1.0.RELEASE.jar
2026-03-31 22:29:21,402 [BasicRepositoryConnector-repo.maven.apache.org-2-1] INFO  o.e.m.c.i.e.AbstractTransferListenerAdapter - Downloading https://repo.maven.apache.org/maven2/org/springframework/spring-orm/3.1.0.RELEASE/spring-orm-3.1.0.RELEASE.jar
2026-03-31 22:29:21,412 [BasicRepositoryConnector-repo.maven.apache.org-2-0] INFO  o.e.m.c.i.e.AbstractTransferListenerAdapter - Downloading https://repo.maven.apache.org/maven2/org/springframework/spring-tx/3.1.0.RELEASE/spring-tx-3.1.0.RELEASE.jar
2026-03-31 22:29:21,438 [BasicRepositoryConnector-repo.maven.apache.org-2-2] INFO  o.e.m.c.i.e.AbstractTransferListenerAdapter - Downloading https://repo.maven.apache.org/maven2/org/springframework/spring-test/3.1.0.RELEASE/spring-test-3.1.0.RELEASE.jar
2026-03-31 22:29:21,583 [BasicRepositoryConnector-repo.maven.apache.org-2-2] INFO  o.e.m.c.i.e.AbstractTransferListenerAdapter - Downloaded https://repo.maven.apache.org/maven2/org/springframework/spring-test/3.1.0.RELEASE/spring-test-3.1.0.RELEASE.jar
2026-03-31 22:29:21,589 [BasicRepositoryConnector-repo.maven.apache.org-2-0] INFO  o.e.m.c.i.e.AbstractTransferListenerAdapter - Downloaded https://repo.maven.apache.org/maven2/org/springframework/spring-tx/3.1.0.RELEASE/spring-tx-3.1.0.RELEASE.jar
2026-03-31 22:29:21,622 [BasicRepositoryConnector-repo.maven.apache.org-2-4] INFO  o.e.m.c.i.e.AbstractTransferListenerAdapter - Downloaded https://repo.maven.apache.org/maven2/org/springframework/spring-web/3.1.0.RELEASE/spring-web-3.1.0.RELEASE.jar
2026-03-31 22:29:21,658 [BasicRepositoryConnector-repo.maven.apache.org-2-1] INFO  o.e.m.c.i.e.AbstractTransferListenerAdapter - Downloaded https://repo.maven.apache.org/maven2/org/springframework/spring-orm/3.1.0.RELEASE/spring-orm-3.1.0.RELEASE.jar
2026-03-31 22:29:21,674 [BasicRepositoryConnector-repo.maven.apache.org-2-3] INFO  o.e.m.c.i.e.AbstractTransferListenerAdapter - Downloaded https://repo.maven.apache.org/maven2/org/springframework/spring-jdbc/3.1.0.RELEASE/spring-jdbc-3.1.0.RELEASE.jar
2026-03-31 22:29:21,683 [BasicRepositoryConnector-repo.maven.apache.org-2-0] INFO  o.e.m.c.i.e.AbstractTransferListenerAdapter - Downloading https://repo.maven.apache.org/maven2/javax/servlet/servlet-api/2.4/servlet-api-2.4.jar
2026-03-31 22:29:21,693 [BasicRepositoryConnector-repo.maven.apache.org-2-2] INFO  o.e.m.c.i.e.AbstractTransferListenerAdapter - Downloading https://repo.maven.apache.org/maven2/cglib/cglib-nodep/2.2.2/cglib-nodep-2.2.2.jar
2026-03-31 22:29:21,700 [BasicRepositoryConnector-repo.maven.apache.org-2-4] INFO  o.e.m.c.i.e.AbstractTransferListenerAdapter - Downloading https://repo.maven.apache.org/maven2/javax/servlet/jsp/jsp-api/2.1/jsp-api-2.1.jar
2026-03-31 22:29:21,719 [BasicRepositoryConnector-repo.maven.apache.org-2-0] INFO  o.e.m.c.i.e.AbstractTransferListenerAdapter - Downloaded https://repo.maven.apache.org/maven2/javax/servlet/servlet-api/2.4/servlet-api-2.4.jar
2026-03-31 22:29:21,751 [BasicRepositoryConnector-repo.maven.apache.org-2-4] INFO  o.e.m.c.i.e.AbstractTransferListenerAdapter - Downloaded https://repo.maven.apache.org/maven2/javax/servlet/jsp/jsp-api/2.1/jsp-api-2.1.jar
2026-03-31 22:29:21,772 [BasicRepositoryConnector-repo.maven.apache.org-2-2] INFO  o.e.m.c.i.e.AbstractTransferListenerAdapter - Downloaded https://repo.maven.apache.org/maven2/cglib/cglib-nodep/2.2.2/cglib-nodep-2.2.2.jar
2026-03-31 22:29:24,266 [Worker-6: Creating spring-mvc-archetype] INFO  o.e.m.j.i.AbstractJavaProjectConfigurator - Adding source folder /springMVCWithMaven/src/main/java
2026-03-31 22:29:24,269 [Worker-6: Creating spring-mvc-archetype] INFO  o.e.m.j.i.AbstractJavaProjectConfigurator - Adding resource folder /springMVCWithMaven/src/main/resources
2026-03-31 22:29:24,270 [Worker-6: Creating spring-mvc-archetype] INFO  o.e.m.j.i.AbstractJavaProjectConfigurator - Adding source folder /springMVCWithMaven/src/test/java
2026-03-31 22:29:24,271 [Worker-6: Creating spring-mvc-archetype] INFO  o.e.m.j.i.AbstractJavaProjectConfigurator - Adding resource folder /springMVCWithMaven/src/test/resources
2026-03-31 22:29:25,126 [Worker-19: Download sources and javadoc] INFO  o.e.m.c.i.e.AbstractTransferListenerAdapter - Downloaded https://oss.sonatype.org/content/repositories/springsource-milestones/org/springframework/spring-context/3.1.0.RELEASE/spring-context-3.1.0.RELEASE-sources.jar
2026-03-31 22:29:25,292 [Worker-19: Download sources and javadoc] INFO  o.e.m.c.i.e.AbstractTransferListenerAdapter - Downloading https://repo.maven.apache.org/maven2/org/springframework/spring-context/3.1.0.RELEASE/spring-context-3.1.0.RELEASE-sources.jar
2026-03-31 22:29:25,503 [Worker-19: Download sources and javadoc] INFO  o.e.m.c.i.e.AbstractTransferListenerAdapter - Downloaded https://repo.maven.apache.org/maven2/org/springframework/spring-context/3.1.0.RELEASE/spring-context-3.1.0.RELEASE-sources.jar
2026-03-31 22:29:25,518 [Worker-19: Download sources and javadoc] INFO  o.e.m.j.internal.DownloadSourcesJob - Downloaded sources for org.springframework:spring-context:3.1.0.RELEASE
2026-03-31 22:29:26,574 [Worker-19: Download sources and javadoc] INFO  o.e.m.c.i.e.AbstractTransferListenerAdapter - Downloaded https://oss.sonatype.org/content/repositories/springsource-milestones/org/springframework/spring-aop/3.1.0.RELEASE/spring-aop-3.1.0.RELEASE-sources.jar
2026-03-31 22:29:26,678 [Worker-19: Download sources and javadoc] INFO  o.e.m.c.i.e.AbstractTransferListenerAdapter - Downloading https://repo.maven.apache.org/maven2/org/springframework/spring-aop/3.1.0.RELEASE/spring-aop-3.1.0.RELEASE-sources.jar
2026-03-31 22:29:26,766 [Worker-19: Download sources and javadoc] INFO  o.e.m.c.i.e.AbstractTransferListenerAdapter - Downloaded https://repo.maven.apache.org/maven2/org/springframework/spring-aop/3.1.0.RELEASE/spring-aop-3.1.0.RELEASE-sources.jar
2026-03-31 22:29:26,771 [Worker-19: Download sources and javadoc] INFO  o.e.m.j.internal.DownloadSourcesJob - Downloaded sources for org.springframework:spring-aop:3.1.0.RELEASE
2026-03-31 22:29:27,135 [Worker-6: Creating spring-mvc-archetype] INFO  o.e.m.c.i.p.ProjectConfigurationManager - Imported and configured 1 project(s) in 19 sec
2026-03-31 22:29:27,481 [Worker-19: Download sources and javadoc] INFO  o.e.m.c.i.e.AbstractTransferListenerAdapter - Downloaded https://oss.sonatype.org/content/repositories/springsource-milestones/aopalliance/aopalliance/1.0/aopalliance-1.0-sources.jar
2026-03-31 22:29:27,631 [Worker-19: Download sources and javadoc] INFO  o.e.m.c.i.e.AbstractTransferListenerAdapter - Downloading https://repo.maven.apache.org/maven2/aopalliance/aopalliance/1.0/aopalliance-1.0-sources.jar
2026-03-31 22:29:27,637 [Worker-19: Download sources and javadoc] INFO  o.e.m.c.i.e.AbstractTransferListenerAdapter - Downloaded https://repo.maven.apache.org/maven2/aopalliance/aopalliance/1.0/aopalliance-1.0-sources.jar
2026-03-31 22:29:27,643 [Worker-19: Download sources and javadoc] INFO  o.e.m.j.internal.DownloadSourcesJob - Downloaded sources for aopalliance:aopalliance:1.0
2026-03-31 22:29:28,065 [Worker-6: Building] WARN  o.a.m.s.f.DefaultMavenResourcesFiltering - Using platform encoding (UTF-8 actually) to copy filtered resources, i.e. build is platform dependent!
2026-03-31 22:29:28,066 [Worker-6: Building] INFO  o.a.m.s.f.DefaultMavenResourcesFiltering - skip non existing resourceDirectory C:\Users\DELL\SivaMavenProject\springMVCWithMaven\src\main\resources
2026-03-31 22:29:28,075 [Worker-6: Building] WARN  o.a.m.s.f.DefaultMavenResourcesFiltering - Using platform encoding (UTF-8 actually) to copy filtered resources, i.e. build is platform dependent!
2026-03-31 22:29:28,077 [Worker-6: Building] INFO  o.a.m.s.f.DefaultMavenResourcesFiltering - skip non existing resourceDirectory C:\Users\DELL\SivaMavenProject\springMVCWithMaven\src\test\resources
2026-03-31 22:29:28,299 [Worker-19: Download sources and javadoc] INFO  o.e.m.c.i.e.AbstractTransferListenerAdapter - Downloaded https://oss.sonatype.org/content/repositories/springsource-milestones/org/springframework/spring-beans/3.1.0.RELEASE/spring-beans-3.1.0.RELEASE-sources.jar
2026-03-31 22:29:28,397 [Worker-19: Download sources and javadoc] INFO  o.e.m.c.i.e.AbstractTransferListenerAdapter - Downloading https://repo.maven.apache.org/maven2/org/springframework/spring-beans/3.1.0.RELEASE/spring-beans-3.1.0.RELEASE-sources.jar
2026-03-31 22:29:28,534 [Worker-19: Download sources and javadoc] INFO  o.e.m.c.i.e.AbstractTransferListenerAdapter - Downloaded https://repo.maven.apache.org/maven2/org/springframework/spring-beans/3.1.0.RELEASE/spring-beans-3.1.0.RELEASE-sources.jar
2026-03-31 22:29:28,538 [Worker-19: Download sources and javadoc] INFO  o.e.m.j.internal.DownloadSourcesJob - Downloaded sources for org.springframework:spring-beans:3.1.0.RELEASE
2026-03-31 22:29:29,421 [Worker-19: Download sources and javadoc] INFO  o.e.m.c.i.e.AbstractTransferListenerAdapter - Downloaded https://oss.sonatype.org/content/repositories/springsource-milestones/org/springframework/spring-core/3.1.0.RELEASE/spring-core-3.1.0.RELEASE-sources.jar
2026-03-31 22:29:29,529 [Worker-19: Download sources and javadoc] INFO  o.e.m.c.i.e.AbstractTransferListenerAdapter - Downloading https://repo.maven.apache.org/maven2/org/springframework/spring-core/3.1.0.RELEASE/spring-core-3.1.0.RELEASE-sources.jar
2026-03-31 22:29:29,652 [Worker-19: Download sources and javadoc] INFO  o.e.m.c.i.e.AbstractTransferListenerAdapter - Downloaded https://repo.maven.apache.org/maven2/org/springframework/spring-core/3.1.0.RELEASE/spring-core-3.1.0.RELEASE-sources.jar
2026-03-31 22:29:29,657 [Worker-19: Download sources and javadoc] INFO  o.e.m.j.internal.DownloadSourcesJob - Downloaded sources for org.springframework:spring-core:3.1.0.RELEASE
2026-03-31 22:29:30,465 [Worker-19: Download sources and javadoc] INFO  o.e.m.c.i.e.AbstractTransferListenerAdapter - Downloaded https://oss.sonatype.org/content/repositories/springsource-milestones/commons-logging/commons-logging/1.1.1/commons-logging-1.1.1-sources.jar
2026-03-31 22:29:30,588 [Worker-19: Download sources and javadoc] INFO  o.e.m.c.i.e.AbstractTransferListenerAdapter - Downloading https://repo.maven.apache.org/maven2/commons-logging/commons-logging/1.1.1/commons-logging-1.1.1-sources.jar
2026-03-31 22:29:30,616 [Worker-19: Download sources and javadoc] INFO  o.e.m.c.i.e.AbstractTransferListenerAdapter - Downloaded https://repo.maven.apache.org/maven2/commons-logging/commons-logging/1.1.1/commons-logging-1.1.1-sources.jar
2026-03-31 22:29:30,620 [Worker-19: Download sources and javadoc] INFO  o.e.m.j.internal.DownloadSourcesJob - Downloaded sources for commons-logging:commons-logging:1.1.1
2026-03-31 22:29:31,267 [Worker-19: Download sources and javadoc] INFO  o.e.m.c.i.e.AbstractTransferListenerAdapter - Downloaded https://oss.sonatype.org/content/repositories/springsource-milestones/org/springframework/spring-expression/3.1.0.RELEASE/spring-expression-3.1.0.RELEASE-sources.jar
2026-03-31 22:29:31,366 [Worker-19: Download sources and javadoc] INFO  o.e.m.c.i.e.AbstractTransferListenerAdapter - Downloading https://repo.maven.apache.org/maven2/org/springframework/spring-expression/3.1.0.RELEASE/spring-expression-3.1.0.RELEASE-sources.jar
2026-03-31 22:29:31,422 [Worker-19: Download sources and javadoc] INFO  o.e.m.c.i.e.AbstractTransferListenerAdapter - Downloaded https://repo.maven.apache.org/maven2/org/springframework/spring-expression/3.1.0.RELEASE/spring-expression-3.1.0.RELEASE-sources.jar
2026-03-31 22:29:31,426 [Worker-19: Download sources and javadoc] INFO  o.e.m.j.internal.DownloadSourcesJob - Downloaded sources for org.springframework:spring-expression:3.1.0.RELEASE
2026-03-31 22:29:32,007 [Worker-19: Download sources and javadoc] INFO  o.e.m.c.i.e.AbstractTransferListenerAdapter - Downloaded https://oss.sonatype.org/content/repositories/springsource-milestones/org/springframework/spring-asm/3.1.0.RELEASE/spring-asm-3.1.0.RELEASE-sources.jar
2026-03-31 22:29:32,107 [Worker-19: Download sources and javadoc] INFO  o.e.m.c.i.e.AbstractTransferListenerAdapter - Downloading https://repo.maven.apache.org/maven2/org/springframework/spring-asm/3.1.0.RELEASE/spring-asm-3.1.0.RELEASE-sources.jar
2026-03-31 22:29:32,111 [Worker-19: Download sources and javadoc] INFO  o.e.m.c.i.e.AbstractTransferListenerAdapter - Downloaded https://repo.maven.apache.org/maven2/org/springframework/spring-asm/3.1.0.RELEASE/spring-asm-3.1.0.RELEASE-sources.jar
2026-03-31 22:29:32,114 [Worker-19: Download sources and javadoc] INFO  o.e.m.j.internal.DownloadSourcesJob - Downloaded sources for org.springframework:spring-asm:3.1.0.RELEASE
2026-03-31 22:29:32,723 [Worker-19: Download sources and javadoc] INFO  o.e.m.c.i.e.AbstractTransferListenerAdapter - Downloaded https://oss.sonatype.org/content/repositories/springsource-milestones/org/springframework/spring-webmvc/3.1.0.RELEASE/spring-webmvc-3.1.0.RELEASE-sources.jar
2026-03-31 22:29:32,848 [Worker-19: Download sources and javadoc] INFO  o.e.m.c.i.e.AbstractTransferListenerAdapter - Downloading https://repo.maven.apache.org/maven2/org/springframework/spring-webmvc/3.1.0.RELEASE/spring-webmvc-3.1.0.RELEASE-sources.jar
2026-03-31 22:29:33,019 [Worker-19: Download sources and javadoc] INFO  o.e.m.c.i.e.AbstractTransferListenerAdapter - Downloaded https://repo.maven.apache.org/maven2/org/springframework/spring-webmvc/3.1.0.RELEASE/spring-webmvc-3.1.0.RELEASE-sources.jar
2026-03-31 22:29:33,026 [Worker-19: Download sources and javadoc] INFO  o.e.m.j.internal.DownloadSourcesJob - Downloaded sources for org.springframework:spring-webmvc:3.1.0.RELEASE
2026-03-31 22:29:33,732 [Worker-19: Download sources and javadoc] INFO  o.e.m.c.i.e.AbstractTransferListenerAdapter - Downloaded https://oss.sonatype.org/content/repositories/springsource-milestones/org/springframework/spring-context-support/3.1.0.RELEASE/spring-context-support-3.1.0.RELEASE-sources.jar
2026-03-31 22:29:33,970 [Worker-19: Download sources and javadoc] INFO  o.e.m.c.i.e.AbstractTransferListenerAdapter - Downloading https://repo.maven.apache.org/maven2/org/springframework/spring-context-support/3.1.0.RELEASE/spring-context-support-3.1.0.RELEASE-sources.jar
2026-03-31 22:29:34,030 [Worker-19: Download sources and javadoc] INFO  o.e.m.c.i.e.AbstractTransferListenerAdapter - Downloaded https://repo.maven.apache.org/maven2/org/springframework/spring-context-support/3.1.0.RELEASE/spring-context-support-3.1.0.RELEASE-sources.jar
2026-03-31 22:29:34,041 [Worker-19: Download sources and javadoc] INFO  o.e.m.j.internal.DownloadSourcesJob - Downloaded sources for org.springframework:spring-context-support:3.1.0.RELEASE
2026-03-31 22:29:34,715 [Worker-19: Download sources and javadoc] INFO  o.e.m.c.i.e.AbstractTransferListenerAdapter - Downloaded https://oss.sonatype.org/content/repositories/springsource-milestones/org/springframework/spring-web/3.1.0.RELEASE/spring-web-3.1.0.RELEASE-sources.jar
2026-03-31 22:29:34,820 [Worker-19: Download sources and javadoc] INFO  o.e.m.c.i.e.AbstractTransferListenerAdapter - Downloading https://repo.maven.apache.org/maven2/org/springframework/spring-web/3.1.0.RELEASE/spring-web-3.1.0.RELEASE-sources.jar
2026-03-31 22:29:34,961 [Worker-19: Download sources and javadoc] INFO  o.e.m.c.i.e.AbstractTransferListenerAdapter - Downloaded https://repo.maven.apache.org/maven2/org/springframework/spring-web/3.1.0.RELEASE/spring-web-3.1.0.RELEASE-sources.jar
2026-03-31 22:29:34,967 [Worker-19: Download sources and javadoc] INFO  o.e.m.j.internal.DownloadSourcesJob - Downloaded sources for org.springframework:spring-web:3.1.0.RELEASE
2026-03-31 22:29:35,777 [Worker-19: Download sources and javadoc] INFO  o.e.m.c.i.e.AbstractTransferListenerAdapter - Downloaded https://oss.sonatype.org/content/repositories/springsource-milestones/org/springframework/spring-orm/3.1.0.RELEASE/spring-orm-3.1.0.RELEASE-sources.jar
2026-03-31 22:29:35,881 [Worker-19: Download sources and javadoc] INFO  o.e.m.c.i.e.AbstractTransferListenerAdapter - Downloading https://repo.maven.apache.org/maven2/org/springframework/spring-orm/3.1.0.RELEASE/spring-orm-3.1.0.RELEASE-sources.jar
2026-03-31 22:29:35,987 [Worker-19: Download sources and javadoc] INFO  o.e.m.c.i.e.AbstractTransferListenerAdapter - Downloaded https://repo.maven.apache.org/maven2/org/springframework/spring-orm/3.1.0.RELEASE/spring-orm-3.1.0.RELEASE-sources.jar
2026-03-31 22:29:35,997 [Worker-19: Download sources and javadoc] INFO  o.e.m.j.internal.DownloadSourcesJob - Downloaded sources for org.springframework:spring-orm:3.1.0.RELEASE
2026-03-31 22:29:37,004 [Worker-19: Download sources and javadoc] INFO  o.e.m.c.i.e.AbstractTransferListenerAdapter - Downloaded https://oss.sonatype.org/content/repositories/springsource-milestones/org/springframework/spring-jdbc/3.1.0.RELEASE/spring-jdbc-3.1.0.RELEASE-sources.jar
2026-03-31 22:29:37,114 [Worker-19: Download sources and javadoc] INFO  o.e.m.c.i.e.AbstractTransferListenerAdapter - Downloading https://repo.maven.apache.org/maven2/org/springframework/spring-jdbc/3.1.0.RELEASE/spring-jdbc-3.1.0.RELEASE-sources.jar
2026-03-31 22:29:37,243 [Worker-19: Download sources and javadoc] INFO  o.e.m.c.i.e.AbstractTransferListenerAdapter - Downloaded https://repo.maven.apache.org/maven2/org/springframework/spring-jdbc/3.1.0.RELEASE/spring-jdbc-3.1.0.RELEASE-sources.jar
2026-03-31 22:29:37,257 [Worker-19: Download sources and javadoc] INFO  o.e.m.j.internal.DownloadSourcesJob - Downloaded sources for org.springframework:spring-jdbc:3.1.0.RELEASE
2026-03-31 22:29:37,921 [Worker-19: Download sources and javadoc] INFO  o.e.m.c.i.e.AbstractTransferListenerAdapter - Downloaded https://oss.sonatype.org/content/repositories/springsource-milestones/org/springframework/spring-tx/3.1.0.RELEASE/spring-tx-3.1.0.RELEASE-sources.jar
2026-03-31 22:29:38,056 [Worker-19: Download sources and javadoc] INFO  o.e.m.c.i.e.AbstractTransferListenerAdapter - Downloading https://repo.maven.apache.org/maven2/org/springframework/spring-tx/3.1.0.RELEASE/spring-tx-3.1.0.RELEASE-sources.jar
2026-03-31 22:29:38,170 [Worker-19: Download sources and javadoc] INFO  o.e.m.c.i.e.AbstractTransferListenerAdapter - Downloaded https://repo.maven.apache.org/maven2/org/springframework/spring-tx/3.1.0.RELEASE/spring-tx-3.1.0.RELEASE-sources.jar
2026-03-31 22:29:38,176 [Worker-19: Download sources and javadoc] INFO  o.e.m.j.internal.DownloadSourcesJob - Downloaded sources for org.springframework:spring-tx:3.1.0.RELEASE
2026-03-31 22:29:38,849 [Worker-19: Download sources and javadoc] INFO  o.e.m.c.i.e.AbstractTransferListenerAdapter - Downloaded https://oss.sonatype.org/content/repositories/springsource-milestones/org/springframework/spring-test/3.1.0.RELEASE/spring-test-3.1.0.RELEASE-sources.jar
2026-03-31 22:29:38,975 [Worker-19: Download sources and javadoc] INFO  o.e.m.c.i.e.AbstractTransferListenerAdapter - Downloading https://repo.maven.apache.org/maven2/org/springframework/spring-test/3.1.0.RELEASE/spring-test-3.1.0.RELEASE-sources.jar
2026-03-31 22:29:39,046 [Worker-19: Download sources and javadoc] INFO  o.e.m.c.i.e.AbstractTransferListenerAdapter - Downloaded https://repo.maven.apache.org/maven2/org/springframework/spring-test/3.1.0.RELEASE/spring-test-3.1.0.RELEASE-sources.jar
2026-03-31 22:29:39,051 [Worker-19: Download sources and javadoc] INFO  o.e.m.j.internal.DownloadSourcesJob - Downloaded sources for org.springframework:spring-test:3.1.0.RELEASE
2026-03-31 22:29:39,753 [Worker-19: Download sources and javadoc] INFO  o.e.m.c.i.e.AbstractTransferListenerAdapter - Downloaded https://oss.sonatype.org/content/repositories/springsource-milestones/cglib/cglib-nodep/2.2.2/cglib-nodep-2.2.2-sources.jar
2026-03-31 22:29:39,864 [Worker-19: Download sources and javadoc] INFO  o.e.m.c.i.e.AbstractTransferListenerAdapter - Downloading https://repo.maven.apache.org/maven2/cglib/cglib-nodep/2.2.2/cglib-nodep-2.2.2-sources.jar
2026-03-31 22:29:40,204 [Worker-19: Download sources and javadoc] INFO  o.e.m.c.i.e.AbstractTransferListenerAdapter - Downloaded https://repo.maven.apache.org/maven2/cglib/cglib-nodep/2.2.2/cglib-nodep-2.2.2-sources.jar
2026-03-31 22:29:40,208 [Worker-19: Download sources and javadoc] INFO  o.e.m.j.internal.DownloadSourcesJob - Downloaded sources for cglib:cglib-nodep:2.2.2
2026-03-31 22:29:40,952 [Worker-19: Download sources and javadoc] INFO  o.e.m.c.i.e.AbstractTransferListenerAdapter - Downloaded https://oss.sonatype.org/content/repositories/springsource-milestones/javax/servlet/servlet-api/2.4/servlet-api-2.4-sources.jar
2026-03-31 22:29:41,054 [Worker-19: Download sources and javadoc] INFO  o.e.m.c.i.e.AbstractTransferListenerAdapter - Downloading https://repo.maven.apache.org/maven2/javax/servlet/servlet-api/2.4/servlet-api-2.4-sources.jar
2026-03-31 22:29:41,084 [Worker-19: Download sources and javadoc] INFO  o.e.m.c.i.e.AbstractTransferListenerAdapter - Downloaded https://repo.maven.apache.org/maven2/javax/servlet/servlet-api/2.4/servlet-api-2.4-sources.jar
2026-03-31 22:29:41,087 [Worker-19: Download sources and javadoc] INFO  o.e.m.j.internal.DownloadSourcesJob - Downloaded sources for javax.servlet:servlet-api:2.4
2026-03-31 22:29:41,854 [Worker-19: Download sources and javadoc] INFO  o.e.m.c.i.e.AbstractTransferListenerAdapter - Downloaded https://oss.sonatype.org/content/repositories/springsource-milestones/javax/servlet/jsp/jsp-api/2.1/jsp-api-2.1-sources.jar
2026-03-31 22:29:41,983 [Worker-19: Download sources and javadoc] INFO  o.e.m.c.i.e.AbstractTransferListenerAdapter - Downloading https://repo.maven.apache.org/maven2/javax/servlet/jsp/jsp-api/2.1/jsp-api-2.1-sources.jar
2026-03-31 22:29:42,048 [Worker-19: Download sources and javadoc] INFO  o.e.m.c.i.e.AbstractTransferListenerAdapter - Downloaded https://repo.maven.apache.org/maven2/javax/servlet/jsp/jsp-api/2.1/jsp-api-2.1-sources.jar
2026-03-31 22:29:42,052 [Worker-19: Download sources and javadoc] INFO  o.e.m.j.internal.DownloadSourcesJob - Downloaded sources for javax.servlet.jsp:jsp-api:2.1
2026-03-31 22:31:24,309 [Worker-0: Building] WARN  o.a.m.s.f.DefaultMavenResourcesFiltering - Using platform encoding (UTF-8 actually) to copy filtered resources, i.e. build is platform dependent!
2026-03-31 22:31:24,316 [Worker-0: Building] INFO  o.a.m.s.f.DefaultMavenResourcesFiltering - Copying 0 resource from src\main\resources to target\classes
2026-03-31 22:31:24,321 [Worker-0: Building] WARN  o.a.m.s.f.DefaultMavenResourcesFiltering - Using platform encoding (UTF-8 actually) to copy filtered resources, i.e. build is platform dependent!
2026-03-31 22:31:24,323 [Worker-0: Building] INFO  o.a.m.s.f.DefaultMavenResourcesFiltering - Copying 0 resource from src\test\resources to target\test-classes
2026-03-31 23:12:11,628 [Worker-33: Building] INFO  o.e.m.c.i.l.LifecycleMappingFactory - Using org.maven.ide.eclipse.wtp.WarLifecycleMapping lifecycle mapping for MavenProject: com.demo.spring.maven:springMVCWithMaven:0.0.1-SNAPSHOT @ C:\Users\DELL\SivaMavenProject\springMVCWithMaven\pom.xml.
2026-03-31 23:12:12,385 [Worker-33: Building] INFO  o.e.m.c.i.e.AbstractTransferListenerAdapter - Downloaded https://oss.sonatype.org/content/repositories/springsource-milestones/com/mysql/mysql-connector-j/9.2.0/mysql-connector-j-9.2.0.pom
2026-03-31 23:12:12,494 [Worker-33: Building] INFO  o.e.m.c.i.e.AbstractTransferListenerAdapter - Downloading https://repo.maven.apache.org/maven2/com/mysql/mysql-connector-j/9.2.0/mysql-connector-j-9.2.0.pom
2026-03-31 23:12:12,500 [Worker-33: Building] INFO  o.e.m.c.i.e.AbstractTransferListenerAdapter - Downloaded https://repo.maven.apache.org/maven2/com/mysql/mysql-connector-j/9.2.0/mysql-connector-j-9.2.0.pom
2026-03-31 23:12:12,813 [Worker-33: Building] INFO  o.e.m.c.i.e.AbstractTransferListenerAdapter - Downloaded https://oss.sonatype.org/content/repositories/springsource-milestones/com/google/protobuf/protobuf-java/4.29.0/protobuf-java-4.29.0.pom
2026-03-31 23:12:12,894 [Worker-33: Building] INFO  o.e.m.c.i.e.AbstractTransferListenerAdapter - Downloading https://repo.maven.apache.org/maven2/com/google/protobuf/protobuf-java/4.29.0/protobuf-java-4.29.0.pom
2026-03-31 23:12:12,898 [Worker-33: Building] INFO  o.e.m.c.i.e.AbstractTransferListenerAdapter - Downloaded https://repo.maven.apache.org/maven2/com/google/protobuf/protobuf-java/4.29.0/protobuf-java-4.29.0.pom
2026-03-31 23:12:13,198 [Worker-33: Building] INFO  o.e.m.c.i.e.AbstractTransferListenerAdapter - Downloaded https://oss.sonatype.org/content/repositories/springsource-milestones/com/google/protobuf/protobuf-parent/4.29.0/protobuf-parent-4.29.0.pom
2026-03-31 23:12:13,257 [Worker-33: Building] INFO  o.e.m.c.i.e.AbstractTransferListenerAdapter - Downloading https://repo.maven.apache.org/maven2/com/google/protobuf/protobuf-parent/4.29.0/protobuf-parent-4.29.0.pom
2026-03-31 23:12:13,261 [Worker-33: Building] INFO  o.e.m.c.i.e.AbstractTransferListenerAdapter - Downloaded https://repo.maven.apache.org/maven2/com/google/protobuf/protobuf-parent/4.29.0/protobuf-parent-4.29.0.pom
2026-03-31 23:12:13,574 [Worker-33: Building] INFO  o.e.m.c.i.e.AbstractTransferListenerAdapter - Downloaded https://oss.sonatype.org/content/repositories/springsource-milestones/com/google/protobuf/protobuf-bom/4.29.0/protobuf-bom-4.29.0.pom
2026-03-31 23:12:13,713 [Worker-33: Building] INFO  o.e.m.c.i.e.AbstractTransferListenerAdapter - Downloading https://repo.maven.apache.org/maven2/com/google/protobuf/protobuf-bom/4.29.0/protobuf-bom-4.29.0.pom
2026-03-31 23:12:13,718 [Worker-33: Building] INFO  o.e.m.c.i.e.AbstractTransferListenerAdapter - Downloaded https://repo.maven.apache.org/maven2/com/google/protobuf/protobuf-bom/4.29.0/protobuf-bom-4.29.0.pom
2026-03-31 23:12:14,114 [Worker-33: Building] INFO  o.e.m.c.i.e.AbstractTransferListenerAdapter - Downloaded https://oss.sonatype.org/content/repositories/springsource-milestones/com/mysql/mysql-connector-j/9.2.0/mysql-connector-j-9.2.0.jar
2026-03-31 23:12:14,394 [BasicRepositoryConnector-oss.sonatype.org-3-0] INFO  o.e.m.c.i.e.AbstractTransferListenerAdapter - Downloaded https://oss.sonatype.org/content/repositories/springsource-milestones/com/google/protobuf/protobuf-java/4.29.0/protobuf-java-4.29.0.jar
2026-03-31 23:12:14,441 [Worker-33: Building] INFO  o.e.m.c.i.e.AbstractTransferListenerAdapter - Downloading https://repo.maven.apache.org/maven2/com/mysql/mysql-connector-j/9.2.0/mysql-connector-j-9.2.0.jar
2026-03-31 23:12:15,196 [Worker-33: Building] INFO  o.e.m.c.i.e.AbstractTransferListenerAdapter - Downloaded https://repo.maven.apache.org/maven2/com/mysql/mysql-connector-j/9.2.0/mysql-connector-j-9.2.0.jar
2026-03-31 23:12:15,234 [BasicRepositoryConnector-repo.maven.apache.org-4-0] INFO  o.e.m.c.i.e.AbstractTransferListenerAdapter - Downloading https://repo.maven.apache.org/maven2/com/google/protobuf/protobuf-java/4.29.0/protobuf-java-4.29.0.jar
2026-03-31 23:12:15,707 [BasicRepositoryConnector-repo.maven.apache.org-4-0] INFO  o.e.m.c.i.e.AbstractTransferListenerAdapter - Downloaded https://repo.maven.apache.org/maven2/com/google/protobuf/protobuf-java/4.29.0/protobuf-java-4.29.0.jar
2026-03-31 23:12:16,736 [Worker-33: Building] WARN  o.a.m.s.f.DefaultMavenResourcesFiltering - Using platform encoding (UTF-8 actually) to copy filtered resources, i.e. build is platform dependent!
2026-03-31 23:12:16,740 [Worker-33: Building] INFO  o.a.m.s.f.DefaultMavenResourcesFiltering - Copying 0 resource from src\main\resources to target\classes
2026-03-31 23:12:16,745 [Worker-33: Building] WARN  o.a.m.s.f.DefaultMavenResourcesFiltering - Using platform encoding (UTF-8 actually) to copy filtered resources, i.e. build is platform dependent!
2026-03-31 23:12:16,746 [Worker-33: Building] INFO  o.a.m.s.f.DefaultMavenResourcesFiltering - Copying 0 resource from src\test\resources to target\test-classes
2026-03-31 23:12:16,747 [Worker-33: Building] INFO  o.e.m.w.i.f.ResourceFilteringBuildParticipant - Changed resources require a complete clean of filtered resources of springMVCWithMaven
2026-03-31 23:12:16,748 [Worker-33: Building] INFO  o.e.m.w.i.f.ResourceFilteringBuildParticipant - Executing resource filtering for springMVCWithMaven
2026-03-31 23:12:18,361 [Worker-32: Download sources and javadoc] INFO  o.e.m.c.i.e.AbstractTransferListenerAdapter - Downloaded https://oss.sonatype.org/content/repositories/springsource-milestones/com/mysql/mysql-connector-j/9.2.0/mysql-connector-j-9.2.0-sources.jar
2026-03-31 23:12:18,478 [Worker-32: Download sources and javadoc] INFO  o.e.m.c.i.e.AbstractTransferListenerAdapter - Downloading https://repo.maven.apache.org/maven2/com/mysql/mysql-connector-j/9.2.0/mysql-connector-j-9.2.0-sources.jar
2026-03-31 23:12:18,898 [Worker-32: Download sources and javadoc] INFO  o.e.m.c.i.e.AbstractTransferListenerAdapter - Downloaded https://repo.maven.apache.org/maven2/com/mysql/mysql-connector-j/9.2.0/mysql-connector-j-9.2.0-sources.jar
2026-03-31 23:12:18,901 [Worker-32: Download sources and javadoc] INFO  o.e.m.j.internal.DownloadSourcesJob - Downloaded sources for com.mysql:mysql-connector-j:9.2.0
2026-03-31 23:12:19,554 [Worker-32: Download sources and javadoc] INFO  o.e.m.c.i.e.AbstractTransferListenerAdapter - Downloaded https://oss.sonatype.org/content/repositories/springsource-milestones/com/google/protobuf/protobuf-java/4.29.0/protobuf-java-4.29.0-sources.jar
2026-03-31 23:12:19,654 [Worker-32: Download sources and javadoc] INFO  o.e.m.c.i.e.AbstractTransferListenerAdapter - Downloading https://repo.maven.apache.org/maven2/com/google/protobuf/protobuf-java/4.29.0/protobuf-java-4.29.0-sources.jar
2026-03-31 23:12:19,880 [Worker-32: Download sources and javadoc] INFO  o.e.m.c.i.e.AbstractTransferListenerAdapter - Downloaded https://repo.maven.apache.org/maven2/com/google/protobuf/protobuf-java/4.29.0/protobuf-java-4.29.0-sources.jar
2026-03-31 23:12:19,885 [Worker-32: Download sources and javadoc] INFO  o.e.m.j.internal.DownloadSourcesJob - Downloaded sources for com.google.protobuf:protobuf-java:4.29.0
2026-04-19 18:47:52,076 [Worker-0: Loading available Gradle versions] INFO  o.e.b.c.i.u.g.PublishedGradleVersions - Gradle version information cache is out-of-date. Trying to update.
